2024-10-20 18:28:43.532 [info] [main] Log level: Info
2024-10-20 18:28:43.532 [info] [main] Validating found git in: "git"
2024-10-20 18:28:43.532 [info] [main] Using git "2.34.1" from "git"
2024-10-20 18:28:43.532 [info] [Model][doInitialScan] Initial repository scan started
2024-10-20 18:28:43.532 [info] > git rev-parse --show-toplevel [1ms]
2024-10-20 18:28:43.532 [info] fatal: not a git repository (or any parent up to mount point /home)
Stopping at filesystem boundary (GIT_DISCOVERY_ACROSS_FILESYSTEM not set).
2024-10-20 18:28:43.535 [info] > git rev-parse --show-toplevel [1ms]
2024-10-20 18:28:43.535 [info] fatal: not a git repository (or any parent up to mount point /home)
Stopping at filesystem boundary (GIT_DISCOVERY_ACROSS_FILESYSTEM not set).
2024-10-20 18:28:43.538 [info] > git rev-parse --show-toplevel [1ms]
2024-10-20 18:28:43.538 [info] fatal: not a git repository (or any parent up to mount point /home)
Stopping at filesystem boundary (GIT_DISCOVERY_ACROSS_FILESYSTEM not set).
2024-10-20 18:28:43.540 [info] > git rev-parse --show-toplevel [1ms]
2024-10-20 18:28:43.540 [info] fatal: not a git repository (or any parent up to mount point /home)
Stopping at filesystem boundary (GIT_DISCOVERY_ACROSS_FILESYSTEM not set).
2024-10-20 18:28:43.543 [info] > git rev-parse --show-toplevel [0ms]
2024-10-20 18:28:43.543 [info] fatal: not a git repository (or any parent up to mount point /home)
Stopping at filesystem boundary (GIT_DISCOVERY_ACROSS_FILESYSTEM not set).
2024-10-20 18:28:43.544 [info] > git rev-parse --show-toplevel [0ms]
2024-10-20 18:28:43.544 [info] fatal: not a git repository (or any parent up to mount point /home)
Stopping at filesystem boundary (GIT_DISCOVERY_ACROSS_FILESYSTEM not set).
2024-10-20 18:28:43.546 [info] > git rev-parse --show-toplevel [1ms]
2024-10-20 18:28:43.546 [info] fatal: not a git repository (or any parent up to mount point /home)
Stopping at filesystem boundary (GIT_DISCOVERY_ACROSS_FILESYSTEM not set).
2024-10-20 18:28:43.548 [info] > git rev-parse --show-toplevel [1ms]
2024-10-20 18:28:43.548 [info] fatal: not a git repository (or any parent up to mount point /home)
Stopping at filesystem boundary (GIT_DISCOVERY_ACROSS_FILESYSTEM not set).
2024-10-20 18:28:43.550 [info] > git rev-parse --show-toplevel [0ms]
2024-10-20 18:28:43.550 [info] fatal: not a git repository (or any parent up to mount point /home)
Stopping at filesystem boundary (GIT_DISCOVERY_ACROSS_FILESYSTEM not set).
2024-10-20 18:28:43.552 [info] [Model][doInitialScan] Initial repository scan completed - repositories (0), closed repositories (0), parent repositories (0), unsafe repositories (0)
2024-10-20 18:28:48.444 [info] > git rev-parse --show-toplevel [1ms]
2024-10-20 18:28:48.444 [info] fatal: not a git repository (or any parent up to mount point /home)
Stopping at filesystem boundary (GIT_DISCOVERY_ACROSS_FILESYSTEM not set).
