0 verbose cli /usr/bin/node /usr/bin/npm
1 info using npm@10.9.0
2 info using node@v22.10.0
3 silly config load:file:/usr/lib/node_modules/npm/npmrc
4 silly config load:file:/home/fullstack-user/frontend/.npmrc
5 silly config load:file:/home/fullstack-user/.npmrc
6 silly config load:file:/usr/etc/npmrc
7 verbose title npm i
8 verbose argv "i"
9 verbose logfile logs-max:10 dir:/home/fullstack-user/.npm/_logs/2024-11-03T17_26_28_845Z-
10 verbose logfile /home/fullstack-user/.npm/_logs/2024-11-03T17_26_28_845Z-debug-0.log
11 silly logfile done cleaning log files
12 silly packumentCache heap:2102394880 maxSize:525598720 maxEntrySize:262799360
13 silly idealTree buildDeps
14 verbose shrinkwrap failed to load node_modules/.package-lock.json out of date, updated: node_modules
15 silly reify moves {}
16 silly audit bulk request {
16 silly audit   '@alloc/quick-lru': [ '5.2.0' ],
16 silly audit   '@ampproject/remapping': [ '2.3.0' ],
16 silly audit   '@babel/code-frame': [ '7.24.7' ],
16 silly audit   '@babel/compat-data': [ '7.24.7' ],
16 silly audit   '@babel/core': [ '7.24.7' ],
16 silly audit   semver: [ '6.3.1', '7.6.2' ],
16 silly audit   '@babel/generator': [ '7.24.7' ],
16 silly audit   '@babel/helper-compilation-targets': [ '7.24.7' ],
16 silly audit   '@babel/helper-environment-visitor': [ '7.24.7' ],
16 silly audit   '@babel/helper-function-name': [ '7.24.7' ],
16 silly audit   '@babel/helper-hoist-variables': [ '7.24.7' ],
16 silly audit   '@babel/helper-module-imports': [ '7.24.7' ],
16 silly audit   '@babel/helper-module-transforms': [ '7.24.7' ],
16 silly audit   '@babel/helper-plugin-utils': [ '7.24.7' ],
16 silly audit   '@babel/helper-simple-access': [ '7.24.7' ],
16 silly audit   '@babel/helper-split-export-declaration': [ '7.24.7' ],
16 silly audit   '@babel/helper-string-parser': [ '7.24.7' ],
16 silly audit   '@babel/helper-validator-identifier': [ '7.24.7' ],
16 silly audit   '@babel/helper-validator-option': [ '7.24.7' ],
16 silly audit   '@babel/helpers': [ '7.24.7' ],
16 silly audit   '@babel/highlight': [ '7.24.7' ],
16 silly audit   '@babel/parser': [ '7.24.7' ],
16 silly audit   '@babel/plugin-transform-react-jsx-self': [ '7.24.7' ],
16 silly audit   '@babel/plugin-transform-react-jsx-source': [ '7.24.7' ],
16 silly audit   '@babel/template': [ '7.24.7' ],
16 silly audit   '@babel/traverse': [ '7.24.7' ],
16 silly audit   '@babel/types': [ '7.24.7' ],
16 silly audit   '@esbuild/aix-ppc64': [ '0.21.5' ],
16 silly audit   '@esbuild/android-arm': [ '0.21.5' ],
16 silly audit   '@esbuild/android-arm64': [ '0.21.5' ],
16 silly audit   '@esbuild/android-x64': [ '0.21.5' ],
16 silly audit   '@esbuild/darwin-arm64': [ '0.21.5' ],
16 silly audit   '@esbuild/darwin-x64': [ '0.21.5' ],
16 silly audit   '@esbuild/freebsd-arm64': [ '0.21.5' ],
16 silly audit   '@esbuild/freebsd-x64': [ '0.21.5' ],
16 silly audit   '@esbuild/linux-arm': [ '0.21.5' ],
16 silly audit   '@esbuild/linux-arm64': [ '0.21.5' ],
16 silly audit   '@esbuild/linux-ia32': [ '0.21.5' ],
16 silly audit   '@esbuild/linux-loong64': [ '0.21.5' ],
16 silly audit   '@esbuild/linux-mips64el': [ '0.21.5' ],
16 silly audit   '@esbuild/linux-ppc64': [ '0.21.5' ],
16 silly audit   '@esbuild/linux-riscv64': [ '0.21.5' ],
16 silly audit   '@esbuild/linux-s390x': [ '0.21.5' ],
16 silly audit   '@esbuild/linux-x64': [ '0.21.5' ],
16 silly audit   '@esbuild/netbsd-x64': [ '0.21.5' ],
16 silly audit   '@esbuild/openbsd-x64': [ '0.21.5' ],
16 silly audit   '@esbuild/sunos-x64': [ '0.21.5' ],
16 silly audit   '@esbuild/win32-arm64': [ '0.21.5' ],
16 silly audit   '@esbuild/win32-ia32': [ '0.21.5' ],
16 silly audit   '@esbuild/win32-x64': [ '0.21.5' ],
16 silly audit   '@eslint-community/eslint-utils': [ '4.4.0' ],
16 silly audit   '@eslint-community/regexpp': [ '4.10.1' ],
16 silly audit   '@eslint/eslintrc': [ '2.1.4' ],
16 silly audit   'brace-expansion': [ '1.1.11', '2.0.1' ],
16 silly audit   globals: [ '13.24.0', '11.12.0' ],
16 silly audit   minimatch: [ '3.1.2', '9.0.4' ],
16 silly audit   '@eslint/js': [ '8.57.0' ],
16 silly audit   '@floating-ui/core': [ '1.6.8' ],
16 silly audit   '@floating-ui/dom': [ '1.6.11' ],
16 silly audit   '@floating-ui/react-dom': [ '2.1.2' ],
16 silly audit   '@floating-ui/utils': [ '0.2.8' ],
16 silly audit   '@humanwhocodes/config-array': [ '0.11.14' ],
16 silly audit   '@humanwhocodes/module-importer': [ '1.0.1' ],
16 silly audit   '@humanwhocodes/object-schema': [ '2.0.3' ],
16 silly audit   '@isaacs/cliui': [ '8.0.2' ],
16 silly audit   'ansi-regex': [ '6.0.1', '5.0.1' ],
16 silly audit   'strip-ansi': [ '7.1.0', '6.0.1' ],
16 silly audit   '@jridgewell/gen-mapping': [ '0.3.5' ],
16 silly audit   '@jridgewell/resolve-uri': [ '3.1.2' ],
16 silly audit   '@jridgewell/set-array': [ '1.2.1' ],
16 silly audit   '@jridgewell/sourcemap-codec': [ '1.4.15' ],
16 silly audit   '@jridgewell/trace-mapping': [ '0.3.25' ],
16 silly audit   '@nodelib/fs.scandir': [ '2.1.5' ],
16 silly audit   '@nodelib/fs.stat': [ '2.0.5' ],
16 silly audit   '@nodelib/fs.walk': [ '1.2.8' ],
16 silly audit   '@pkgjs/parseargs': [ '0.11.0' ],
16 silly audit   '@radix-ui/primitive': [ '1.1.0' ],
16 silly audit   '@radix-ui/react-accordion': [ '1.2.1' ],
16 silly audit   '@radix-ui/react-arrow': [ '1.1.0' ],
16 silly audit   '@radix-ui/react-avatar': [ '1.1.1' ],
16 silly audit   '@radix-ui/react-collapsible': [ '1.1.1' ],
16 silly audit   '@radix-ui/react-collection': [ '1.1.0' ],
16 silly audit   '@radix-ui/react-context': [ '1.1.0', '1.1.1' ],
16 silly audit   '@radix-ui/react-compose-refs': [ '1.1.0' ],
16 silly audit   '@radix-ui/react-dialog': [ '1.1.2' ],
16 silly audit   '@radix-ui/react-direction': [ '1.1.0' ],
16 silly audit   '@radix-ui/react-dismissable-layer': [ '1.1.1' ],
16 silly audit   '@radix-ui/react-dropdown-menu': [ '2.1.2' ],
16 silly audit   '@radix-ui/react-focus-guards': [ '1.1.1' ],
16 silly audit   '@radix-ui/react-focus-scope': [ '1.1.0' ],
16 silly audit   '@radix-ui/react-icons': [ '1.3.0' ],
16 silly audit   '@radix-ui/react-id': [ '1.1.0' ],
16 silly audit   '@radix-ui/react-menu': [ '2.1.2' ],
16 silly audit   '@radix-ui/react-navigation-menu': [ '1.2.1' ],
16 silly audit   '@radix-ui/react-popper': [ '1.2.0' ],
16 silly audit   '@radix-ui/react-portal': [ '1.1.2' ],
16 silly audit   '@radix-ui/react-presence': [ '1.1.1' ],
16 silly audit   '@radix-ui/react-primitive': [ '2.0.0' ],
16 silly audit   '@radix-ui/react-roving-focus': [ '1.1.0' ],
16 silly audit   '@radix-ui/react-slot': [ '1.1.0' ],
16 silly audit   '@radix-ui/react-use-callback-ref': [ '1.1.0' ],
16 silly audit   '@radix-ui/react-use-controllable-state': [ '1.1.0' ],
16 silly audit   '@radix-ui/react-use-escape-keydown': [ '1.1.0' ],
16 silly audit   '@radix-ui/react-use-layout-effect': [ '1.1.0' ],
16 silly audit   '@radix-ui/react-use-previous': [ '1.1.0' ],
16 silly audit   '@radix-ui/react-use-rect': [ '1.1.0' ],
16 silly audit   '@radix-ui/react-use-size': [ '1.1.0' ],
16 silly audit   '@radix-ui/react-visually-hidden': [ '1.1.0' ],
16 silly audit   '@radix-ui/rect': [ '1.1.0' ],
16 silly audit   '@remix-run/router': [ '1.19.2' ],
16 silly audit   '@rollup/rollup-android-arm-eabi': [ '4.24.0' ],
16 silly audit   '@rollup/rollup-android-arm64': [ '4.24.0' ],
16 silly audit   '@rollup/rollup-darwin-arm64': [ '4.24.0' ],
16 silly audit   '@rollup/rollup-darwin-x64': [ '4.24.0' ],
16 silly audit   '@rollup/rollup-linux-arm-gnueabihf': [ '4.24.0' ],
16 silly audit   '@rollup/rollup-linux-arm-musleabihf': [ '4.24.0' ],
16 silly audit   '@rollup/rollup-linux-arm64-gnu': [ '4.24.0' ],
16 silly audit   '@rollup/rollup-linux-arm64-musl': [ '4.24.0' ],
16 silly audit   '@rollup/rollup-linux-powerpc64le-gnu': [ '4.24.0' ],
16 silly audit   '@rollup/rollup-linux-riscv64-gnu': [ '4.24.0' ],
16 silly audit   '@rollup/rollup-linux-s390x-gnu': [ '4.24.0' ],
16 silly audit   '@rollup/rollup-linux-x64-gnu': [ '4.24.0' ],
16 silly audit   '@rollup/rollup-linux-x64-musl': [ '4.24.0' ],
16 silly audit   '@rollup/rollup-win32-arm64-msvc': [ '4.24.0' ],
16 silly audit   '@rollup/rollup-win32-ia32-msvc': [ '4.24.0' ],
16 silly audit   '@rollup/rollup-win32-x64-msvc': [ '4.24.0' ],
16 silly audit   '@types/babel__core': [ '7.20.5' ],
16 silly audit   '@types/babel__generator': [ '7.6.8' ],
16 silly audit   '@types/babel__template': [ '7.4.4' ],
16 silly audit   '@types/babel__traverse': [ '7.20.6' ],
16 silly audit   '@types/estree': [ '1.0.6' ],
16 silly audit   '@types/node': [ '20.14.2' ],
16 silly audit   '@types/prop-types': [ '15.7.12' ],
16 silly audit   '@types/react': [ '18.3.3' ],
16 silly audit   '@types/react-dom': [ '18.3.0' ],
16 silly audit   '@typescript-eslint/eslint-plugin': [ '7.12.0' ],
16 silly audit   '@typescript-eslint/parser': [ '7.12.0' ],
16 silly audit   '@typescript-eslint/scope-manager': [ '7.12.0' ],
16 silly audit   '@typescript-eslint/type-utils': [ '7.12.0' ],
16 silly audit   '@typescript-eslint/types': [ '7.12.0' ],
16 silly audit   '@typescript-eslint/typescript-estree': [ '7.12.0' ],
16 silly audit   '@typescript-eslint/utils': [ '7.12.0' ],
16 silly audit   '@typescript-eslint/visitor-keys': [ '7.12.0' ],
16 silly audit   '@ungap/structured-clone': [ '1.2.0' ],
16 silly audit   '@vitejs/plugin-react': [ '4.3.0' ],
16 silly audit   acorn: [ '8.11.3' ],
16 silly audit   'acorn-jsx': [ '5.3.2' ],
16 silly audit   ajv: [ '6.12.6' ],
16 silly audit   'ansi-styles': [ '3.2.1', '4.3.0', '6.2.1' ],
16 silly audit   'any-promise': [ '1.3.0' ],
16 silly audit   anymatch: [ '3.1.3' ],
16 silly audit   arg: [ '5.0.2' ],
16 silly audit   argparse: [ '2.0.1' ],
16 silly audit   'aria-hidden': [ '1.2.4' ],
16 silly audit   'array-union': [ '2.1.0' ],
16 silly audit   autoprefixer: [ '10.4.19' ],
16 silly audit   'balanced-match': [ '1.0.2' ],
16 silly audit   'binary-extensions': [ '2.3.0' ],
16 silly audit   braces: [ '3.0.3' ],
16 silly audit   browserslist: [ '4.23.0' ],
16 silly audit   callsites: [ '3.1.0' ],
16 silly audit   'camelcase-css': [ '2.0.1' ],
16 silly audit   'caniuse-lite': [ '1.0.30001629' ],
16 silly audit   chalk: [ '2.4.2', '4.1.2' ],
16 silly audit   chokidar: [ '3.6.0' ],
16 silly audit   'glob-parent': [ '5.1.2', '6.0.2' ],
16 silly audit   'class-variance-authority': [ '0.7.0' ],
16 silly audit   clsx: [ '2.0.0', '2.1.1' ],
16 silly audit   'color-convert': [ '1.9.3', '2.0.1' ],
16 silly audit   'color-name': [ '1.1.3', '1.1.4' ],
16 silly audit   commander: [ '4.1.1' ],
16 silly audit   'concat-map': [ '0.0.1' ],
16 silly audit   'convert-source-map': [ '2.0.0' ],
16 silly audit   'cross-spawn': [ '7.0.3' ],
16 silly audit   cssesc: [ '3.0.0' ],
16 silly audit   csstype: [ '3.1.3' ],
16 silly audit   debug: [ '4.3.5' ],
16 silly audit   'deep-is': [ '0.1.4' ],
16 silly audit   'detect-node-es': [ '1.1.0' ],
16 silly audit   didyoumean: [ '1.2.2' ],
16 silly audit   'dir-glob': [ '3.0.1' ],
16 silly audit   dlv: [ '1.1.3' ],
16 silly audit   doctrine: [ '3.0.0' ],
16 silly audit   eastasianwidth: [ '0.2.0' ],
16 silly audit   'electron-to-chromium': [ '1.4.796' ],
16 silly audit   'emoji-regex': [ '9.2.2', '8.0.0' ],
16 silly audit   esbuild: [ '0.21.5' ],
16 silly audit   escalade: [ '3.1.2' ],
16 silly audit   'escape-string-regexp': [ '1.0.5', '4.0.0' ],
16 silly audit   eslint: [ '8.57.0' ],
16 silly audit   'eslint-plugin-react-hooks': [ '4.6.2' ],
16 silly audit   'eslint-plugin-react-refresh': [ '0.4.7' ],
16 silly audit   'eslint-scope': [ '7.2.2' ],
16 silly audit   'eslint-visitor-keys': [ '3.4.3' ],
16 silly audit   'has-flag': [ '4.0.0', '3.0.0' ],
16 silly audit   'supports-color': [ '7.2.0', '5.5.0' ],
16 silly audit   espree: [ '9.6.1' ],
16 silly audit   esquery: [ '1.5.0' ],
16 silly audit   esrecurse: [ '4.3.0' ],
16 silly audit   estraverse: [ '5.3.0' ],
16 silly audit   esutils: [ '2.0.3' ],
16 silly audit   'fast-deep-equal': [ '3.1.3' ],
16 silly audit   'fast-glob': [ '3.3.2' ],
16 silly audit   'fast-json-stable-stringify': [ '2.1.0' ],
16 silly audit   'fast-levenshtein': [ '2.0.6' ],
16 silly audit   fastq: [ '1.17.1' ],
16 silly audit   'file-entry-cache': [ '6.0.1' ],
16 silly audit   'fill-range': [ '7.1.1' ],
16 silly audit   'find-up': [ '5.0.0' ],
16 silly audit   'flat-cache': [ '3.2.0' ],
16 silly audit   flatted: [ '3.3.1' ],
16 silly audit   'foreground-child': [ '3.1.1' ],
16 silly audit   'fraction.js': [ '4.3.7' ],
16 silly audit   'fs.realpath': [ '1.0.0' ],
16 silly audit   fsevents: [ '2.3.3' ],
16 silly audit   'function-bind': [ '1.1.2' ],
16 silly audit   gensync: [ '1.0.0-beta.2' ],
16 silly audit   'get-nonce': [ '1.0.1' ],
16 silly audit   glob: [ '7.2.3', '10.4.1' ],
16 silly audit   globby: [ '11.1.0' ],
16 silly audit   graphemer: [ '1.4.0' ],
16 silly audit   hasown: [ '2.0.2' ],
16 silly audit   ignore: [ '5.3.1' ],
16 silly audit   'import-fresh': [ '3.3.0' ],
16 silly audit   imurmurhash: [ '0.1.4' ],
16 silly audit   inflight: [ '1.0.6' ],
16 silly audit   inherits: [ '2.0.4' ],
16 silly audit   invariant: [ '2.2.4' ],
16 silly audit   'is-binary-path': [ '2.1.0' ],
16 silly audit   'is-core-module': [ '2.13.1' ],
16 silly audit   'is-extglob': [ '2.1.1' ],
16 silly audit   'is-fullwidth-code-point': [ '3.0.0' ],
16 silly audit   'is-glob': [ '4.0.3' ],
16 silly audit   'is-number': [ '7.0.0' ],
16 silly audit   'is-path-inside': [ '3.0.3' ],
16 silly audit   isexe: [ '2.0.0' ],
16 silly audit   jackspeak: [ '3.4.0' ],
16 silly audit   jiti: [ '1.21.3' ],
16 silly audit   'js-tokens': [ '4.0.0' ],
16 silly audit   'js-yaml': [ '4.1.0' ],
16 silly audit   jsesc: [ '2.5.2' ],
16 silly audit   'json-buffer': [ '3.0.1' ],
16 silly audit   'json-schema-traverse': [ '0.4.1' ],
16 silly audit   'json-stable-stringify-without-jsonify': [ '1.0.1' ],
16 silly audit   json5: [ '2.2.3' ],
16 silly audit   keyv: [ '4.5.4' ],
16 silly audit   levn: [ '0.4.1' ],
16 silly audit   lilconfig: [ '2.1.0', '3.1.1' ],
16 silly audit   'lines-and-columns': [ '1.2.4' ],
16 silly audit   'locate-path': [ '6.0.0' ],
16 silly audit   'lodash.merge': [ '4.6.2' ],
16 silly audit   'loose-envify': [ '1.4.0' ],
16 silly audit   'lru-cache': [ '5.1.1', '10.2.2' ],
16 silly audit   'lucide-react': [ '0.424.0' ],
16 silly audit   merge2: [ '1.4.1' ],
16 silly audit   micromatch: [ '4.0.8' ],
16 silly audit   minipass: [ '7.1.2' ],
16 silly audit   ms: [ '2.1.2' ],
16 silly audit   mz: [ '2.7.0' ],
16 silly audit   nanoid: [ '3.3.7' ],
16 silly audit   'natural-compare': [ '1.4.0' ],
16 silly audit   'node-releases': [ '2.0.14' ],
16 silly audit   'normalize-path': [ '3.0.0' ],
16 silly audit   'normalize-range': [ '0.1.2' ],
16 silly audit   'object-assign': [ '4.1.1' ],
16 silly audit   'object-hash': [ '3.0.0' ],
16 silly audit   once: [ '1.4.0' ],
16 silly audit   optionator: [ '0.9.4' ],
16 silly audit   'p-limit': [ '3.1.0' ],
16 silly audit   'p-locate': [ '5.0.0' ],
16 silly audit   'parent-module': [ '1.0.1' ],
16 silly audit   'path-exists': [ '4.0.0' ],
16 silly audit   'path-is-absolute': [ '1.0.1' ],
16 silly audit   'path-key': [ '3.1.1' ],
16 silly audit   'path-parse': [ '1.0.7' ],
16 silly audit   'path-scurry': [ '1.11.1' ],
16 silly audit   'path-type': [ '4.0.0' ],
16 silly audit   picocolors: [ '1.1.0' ],
16 silly audit   picomatch: [ '2.3.1' ],
16 silly audit   pify: [ '2.3.0' ],
16 silly audit   pirates: [ '4.0.6' ],
16 silly audit   postcss: [ '8.4.47' ],
16 silly audit   'postcss-import': [ '15.1.0' ],
16 silly audit   'postcss-js': [ '4.0.1' ],
16 silly audit   'postcss-load-config': [ '4.0.2' ],
16 silly audit   'postcss-nested': [ '6.0.1' ],
16 silly audit   'postcss-selector-parser': [ '6.1.0' ],
16 silly audit   'postcss-value-parser': [ '4.2.0' ],
16 silly audit   'prelude-ls': [ '1.2.1' ],
16 silly audit   punycode: [ '2.3.1' ],
16 silly audit   'queue-microtask': [ '1.2.3' ],
16 silly audit   react: [ '18.3.1' ],
16 silly audit   'react-dom': [ '18.3.1' ],
16 silly audit   'react-refresh': [ '0.14.2' ],
16 silly audit   'react-remove-scroll': [ '2.6.0' ],
16 silly audit   'react-remove-scroll-bar': [ '2.3.6' ],
16 silly audit   'react-router': [ '6.26.2' ],
16 silly audit   'react-router-dom': [ '6.26.2' ],
16 silly audit   'react-style-singleton': [ '2.2.1' ],
16 silly audit   'read-cache': [ '1.0.0' ],
16 silly audit   readdirp: [ '3.6.0' ],
16 silly audit   resolve: [ '1.22.8' ],
16 silly audit   'resolve-from': [ '4.0.0' ],
16 silly audit   reusify: [ '1.0.4' ],
16 silly audit   rimraf: [ '3.0.2' ],
16 silly audit   rollup: [ '4.24.0' ],
16 silly audit   'run-parallel': [ '1.2.0' ],
16 silly audit   scheduler: [ '0.23.2' ],
16 silly audit   'shebang-command': [ '2.0.0' ],
16 silly audit   'shebang-regex': [ '3.0.0' ],
16 silly audit   'signal-exit': [ '4.1.0' ],
16 silly audit   slash: [ '3.0.0' ],
16 silly audit   'source-map-js': [ '1.2.1' ],
16 silly audit   'string-width': [ '5.1.2', '4.2.3' ],
16 silly audit   'strip-json-comments': [ '3.1.1' ],
16 silly audit   sucrase: [ '3.35.0' ],
16 silly audit   'supports-preserve-symlinks-flag': [ '1.0.0' ],
16 silly audit   'tailwind-merge': [ '2.5.3' ],
16 silly audit   tailwindcss: [ '3.4.4' ],
16 silly audit   'tailwindcss-animate': [ '1.0.7' ],
16 silly audit   'text-table': [ '0.2.0' ],
16 silly audit   thenify: [ '3.3.1' ],
16 silly audit   'thenify-all': [ '1.6.0' ],
16 silly audit   'to-fast-properties': [ '2.0.0' ],
16 silly audit   'to-regex-range': [ '5.0.1' ],
16 silly audit   'ts-api-utils': [ '1.3.0' ],
16 silly audit   'ts-interface-checker': [ '0.1.13' ],
16 silly audit   tslib: [ '2.6.3' ],
16 silly audit   'type-check': [ '0.4.0' ],
16 silly audit   'type-fest': [ '0.20.2' ],
16 silly audit   typescript: [ '5.4.5' ],
16 silly audit   'undici-types': [ '5.26.5' ],
16 silly audit   'update-browserslist-db': [ '1.0.16' ],
16 silly audit   'uri-js': [ '4.4.1' ],
16 silly audit   'use-callback-ref': [ '1.3.2' ],
16 silly audit   'use-sidecar': [ '1.1.2' ],
16 silly audit   'util-deprecate': [ '1.0.2' ],
16 silly audit   vite: [ '5.4.9' ],
16 silly audit   which: [ '2.0.2' ],
16 silly audit   'word-wrap': [ '1.2.5' ],
16 silly audit   'wrap-ansi': [ '8.1.0', '7.0.0' ],
16 silly audit   wrappy: [ '1.0.2' ],
16 silly audit   yallist: [ '3.1.1' ],
16 silly audit   yaml: [ '2.4.3' ],
16 silly audit   'yocto-queue': [ '0.1.0' ]
16 silly audit }
17 verbose reify failed optional dependency /home/fullstack-user/frontend/node_modules/fsevents
18 silly reify mark deleted [ '/home/fullstack-user/frontend/node_modules/fsevents' ]
19 verbose reify failed optional dependency /home/fullstack-user/frontend/node_modules/@rollup/rollup-win32-x64-msvc
20 silly reify mark deleted [
20 silly reify   '/home/fullstack-user/frontend/node_modules/@rollup/rollup-win32-x64-msvc'
20 silly reify ]
21 verbose reify failed optional dependency /home/fullstack-user/frontend/node_modules/@rollup/rollup-win32-ia32-msvc
22 silly reify mark deleted [
22 silly reify   '/home/fullstack-user/frontend/node_modules/@rollup/rollup-win32-ia32-msvc'
22 silly reify ]
23 verbose reify failed optional dependency /home/fullstack-user/frontend/node_modules/@rollup/rollup-win32-arm64-msvc
24 silly reify mark deleted [
24 silly reify   '/home/fullstack-user/frontend/node_modules/@rollup/rollup-win32-arm64-msvc'
24 silly reify ]
25 verbose reify failed optional dependency /home/fullstack-user/frontend/node_modules/@rollup/rollup-linux-s390x-gnu
26 silly reify mark deleted [
26 silly reify   '/home/fullstack-user/frontend/node_modules/@rollup/rollup-linux-s390x-gnu'
26 silly reify ]
27 verbose reify failed optional dependency /home/fullstack-user/frontend/node_modules/@rollup/rollup-linux-riscv64-gnu
28 silly reify mark deleted [
28 silly reify   '/home/fullstack-user/frontend/node_modules/@rollup/rollup-linux-riscv64-gnu'
28 silly reify ]
29 verbose reify failed optional dependency /home/fullstack-user/frontend/node_modules/@rollup/rollup-linux-powerpc64le-gnu
30 silly reify mark deleted [
30 silly reify   '/home/fullstack-user/frontend/node_modules/@rollup/rollup-linux-powerpc64le-gnu'
30 silly reify ]
31 verbose reify failed optional dependency /home/fullstack-user/frontend/node_modules/@rollup/rollup-linux-arm-musleabihf
32 silly reify mark deleted [
32 silly reify   '/home/fullstack-user/frontend/node_modules/@rollup/rollup-linux-arm-musleabihf'
32 silly reify ]
33 verbose reify failed optional dependency /home/fullstack-user/frontend/node_modules/@rollup/rollup-linux-arm-gnueabihf
34 silly reify mark deleted [
34 silly reify   '/home/fullstack-user/frontend/node_modules/@rollup/rollup-linux-arm-gnueabihf'
34 silly reify ]
35 verbose reify failed optional dependency /home/fullstack-user/frontend/node_modules/@rollup/rollup-darwin-x64
36 silly reify mark deleted [
36 silly reify   '/home/fullstack-user/frontend/node_modules/@rollup/rollup-darwin-x64'
36 silly reify ]
37 verbose reify failed optional dependency /home/fullstack-user/frontend/node_modules/@rollup/rollup-darwin-arm64
38 silly reify mark deleted [
38 silly reify   '/home/fullstack-user/frontend/node_modules/@rollup/rollup-darwin-arm64'
38 silly reify ]
39 verbose reify failed optional dependency /home/fullstack-user/frontend/node_modules/@rollup/rollup-android-arm64
40 silly reify mark deleted [
40 silly reify   '/home/fullstack-user/frontend/node_modules/@rollup/rollup-android-arm64'
40 silly reify ]
41 verbose reify failed optional dependency /home/fullstack-user/frontend/node_modules/@rollup/rollup-android-arm-eabi
42 silly reify mark deleted [
42 silly reify   '/home/fullstack-user/frontend/node_modules/@rollup/rollup-android-arm-eabi'
42 silly reify ]
43 verbose reify failed optional dependency /home/fullstack-user/frontend/node_modules/@esbuild/win32-x64
44 silly reify mark deleted [ '/home/fullstack-user/frontend/node_modules/@esbuild/win32-x64' ]
45 verbose reify failed optional dependency /home/fullstack-user/frontend/node_modules/@esbuild/win32-ia32
46 silly reify mark deleted [ '/home/fullstack-user/frontend/node_modules/@esbuild/win32-ia32' ]
47 verbose reify failed optional dependency /home/fullstack-user/frontend/node_modules/@esbuild/win32-arm64
48 silly reify mark deleted [ '/home/fullstack-user/frontend/node_modules/@esbuild/win32-arm64' ]
49 verbose reify failed optional dependency /home/fullstack-user/frontend/node_modules/@esbuild/sunos-x64
50 silly reify mark deleted [ '/home/fullstack-user/frontend/node_modules/@esbuild/sunos-x64' ]
51 verbose reify failed optional dependency /home/fullstack-user/frontend/node_modules/@esbuild/openbsd-x64
52 silly reify mark deleted [ '/home/fullstack-user/frontend/node_modules/@esbuild/openbsd-x64' ]
53 verbose reify failed optional dependency /home/fullstack-user/frontend/node_modules/@esbuild/netbsd-x64
54 silly reify mark deleted [ '/home/fullstack-user/frontend/node_modules/@esbuild/netbsd-x64' ]
55 verbose reify failed optional dependency /home/fullstack-user/frontend/node_modules/@esbuild/linux-s390x
56 silly reify mark deleted [ '/home/fullstack-user/frontend/node_modules/@esbuild/linux-s390x' ]
57 verbose reify failed optional dependency /home/fullstack-user/frontend/node_modules/@esbuild/linux-riscv64
58 silly reify mark deleted [ '/home/fullstack-user/frontend/node_modules/@esbuild/linux-riscv64' ]
59 verbose reify failed optional dependency /home/fullstack-user/frontend/node_modules/@esbuild/linux-ppc64
60 silly reify mark deleted [ '/home/fullstack-user/frontend/node_modules/@esbuild/linux-ppc64' ]
61 verbose reify failed optional dependency /home/fullstack-user/frontend/node_modules/@esbuild/linux-mips64el
62 silly reify mark deleted [
62 silly reify   '/home/fullstack-user/frontend/node_modules/@esbuild/linux-mips64el'
62 silly reify ]
63 verbose reify failed optional dependency /home/fullstack-user/frontend/node_modules/@esbuild/linux-loong64
64 silly reify mark deleted [ '/home/fullstack-user/frontend/node_modules/@esbuild/linux-loong64' ]
65 verbose reify failed optional dependency /home/fullstack-user/frontend/node_modules/@esbuild/linux-ia32
66 silly reify mark deleted [ '/home/fullstack-user/frontend/node_modules/@esbuild/linux-ia32' ]
67 verbose reify failed optional dependency /home/fullstack-user/frontend/node_modules/@esbuild/linux-arm
68 silly reify mark deleted [ '/home/fullstack-user/frontend/node_modules/@esbuild/linux-arm' ]
69 verbose reify failed optional dependency /home/fullstack-user/frontend/node_modules/@esbuild/freebsd-x64
70 silly reify mark deleted [ '/home/fullstack-user/frontend/node_modules/@esbuild/freebsd-x64' ]
71 verbose reify failed optional dependency /home/fullstack-user/frontend/node_modules/@esbuild/freebsd-arm64
72 silly reify mark deleted [ '/home/fullstack-user/frontend/node_modules/@esbuild/freebsd-arm64' ]
73 verbose reify failed optional dependency /home/fullstack-user/frontend/node_modules/@esbuild/darwin-x64
74 silly reify mark deleted [ '/home/fullstack-user/frontend/node_modules/@esbuild/darwin-x64' ]
75 verbose reify failed optional dependency /home/fullstack-user/frontend/node_modules/@esbuild/darwin-arm64
76 silly reify mark deleted [ '/home/fullstack-user/frontend/node_modules/@esbuild/darwin-arm64' ]
77 verbose reify failed optional dependency /home/fullstack-user/frontend/node_modules/@esbuild/android-x64
78 silly reify mark deleted [ '/home/fullstack-user/frontend/node_modules/@esbuild/android-x64' ]
79 verbose reify failed optional dependency /home/fullstack-user/frontend/node_modules/@esbuild/android-arm64
80 silly reify mark deleted [ '/home/fullstack-user/frontend/node_modules/@esbuild/android-arm64' ]
81 verbose reify failed optional dependency /home/fullstack-user/frontend/node_modules/@esbuild/android-arm
82 silly reify mark deleted [ '/home/fullstack-user/frontend/node_modules/@esbuild/android-arm' ]
83 verbose reify failed optional dependency /home/fullstack-user/frontend/node_modules/@esbuild/aix-ppc64
84 silly reify mark deleted [ '/home/fullstack-user/frontend/node_modules/@esbuild/aix-ppc64' ]
85 silly tarball no local data for @rollup/rollup-linux-x64-musl@https://registry.npmjs.org/@rollup/rollup-linux-x64-musl/-/rollup-linux-x64-musl-4.24.0.tgz. Extracting by manifest.
86 silly tarball no local data for @rollup/rollup-linux-x64-gnu@https://registry.npmjs.org/@rollup/rollup-linux-x64-gnu/-/rollup-linux-x64-gnu-4.24.0.tgz. Extracting by manifest.
87 silly tarball no local data for @esbuild/linux-x64@https://registry.npmjs.org/@esbuild/linux-x64/-/linux-x64-0.21.5.tgz. Extracting by manifest.
88 http fetch POST 200 https://registry.npmjs.org/-/npm/v1/security/advisories/bulk 272ms
89 silly audit report {}
90 http fetch GET 200 https://registry.npmjs.org/@rollup/rollup-linux-x64-musl/-/rollup-linux-x64-musl-4.24.0.tgz 284ms (cache miss)
91 http fetch GET 200 https://registry.npmjs.org/@rollup/rollup-linux-x64-gnu/-/rollup-linux-x64-gnu-4.24.0.tgz 338ms (cache miss)
92 http fetch GET 200 https://registry.npmjs.org/@esbuild/linux-x64/-/linux-x64-0.21.5.tgz 454ms (cache miss)
93 silly ADD
94 silly ADD
95 silly ADD
96 silly ADD
97 silly ADD node_modules/@rollup/rollup-linux-x64-musl
98 silly ADD node_modules/@rollup/rollup-linux-x64-gnu
99 silly ADD
100 silly ADD
101 silly ADD
102 silly ADD
103 silly ADD
104 silly ADD
105 silly ADD
106 silly ADD
107 silly ADD
108 silly ADD
109 silly ADD
110 silly ADD
111 silly ADD
112 silly ADD
113 silly ADD
114 silly ADD node_modules/@esbuild/linux-x64
115 silly ADD
116 silly ADD
117 silly ADD
118 silly ADD
119 silly ADD
120 silly ADD
121 silly ADD
122 silly ADD
123 silly ADD
124 silly ADD
125 silly ADD
126 silly ADD
127 silly ADD
128 silly ADD
129 silly ADD
130 verbose cwd /home/fullstack-user/frontend
131 verbose os Linux 5.15.153.1-microsoft-standard-WSL2
132 verbose node v22.10.0
133 verbose npm  v10.9.0
134 verbose exit 0
135 info ok
