0 verbose cli /usr/bin/node /usr/bin/npm
1 info using npm@10.9.0
2 info using node@v22.10.0
3 silly config load:file:/usr/lib/node_modules/npm/npmrc
4 silly config load:file:/home/fullstack-user/frontend/.npmrc
5 silly config load:file:/home/fullstack-user/.npmrc
6 silly config load:file:/usr/etc/npmrc
7 verbose title npm install blockly
8 verbose argv "install" "blockly"
9 verbose logfile logs-max:10 dir:/home/fullstack-user/.npm/_logs/2024-10-20T18_59_06_719Z-
10 verbose logfile /home/fullstack-user/.npm/_logs/2024-10-20T18_59_06_719Z-debug-0.log
11 silly logfile done cleaning log files
12 silly packumentCache heap:2197815296 maxSize:549453824 maxEntrySize:274726912
13 silly idealTree buildDeps
14 silly fetch manifest blockly@*
15 silly packumentCache full:https://registry.npmjs.org/blockly cache-miss
16 verbose shrinkwrap failed to load node_modules/.package-lock.json out of date, updated: node_modules
17 http fetch GET 200 https://registry.npmjs.org/blockly 169ms (cache miss)
18 silly packumentCache full:https://registry.npmjs.org/blockly set size:undefined disposed:false
19 silly placeDep ROOT blockly@11.1.1 OK for: frontend@0.0.0 want: *
20 silly fetch manifest jsdom@23.0.0
21 silly packumentCache full:https://registry.npmjs.org/jsdom cache-miss
22 http fetch GET 200 https://registry.npmjs.org/jsdom 49ms (cache miss)
23 silly packumentCache full:https://registry.npmjs.org/jsdom set size:undefined disposed:false
24 silly fetch manifest canvas@^3.0.0
25 silly packumentCache full:https://registry.npmjs.org/canvas cache-miss
26 http fetch GET 200 https://registry.npmjs.org/canvas 45ms (cache miss)
27 silly packumentCache full:https://registry.npmjs.org/canvas set size:undefined disposed:false
28 silly placeDep ROOT jsdom@23.0.0 OK for: blockly@11.1.1 want: 23.0.0
29 silly fetch manifest ws@^8.14.2
30 silly packumentCache full:https://registry.npmjs.org/ws cache-miss
31 silly fetch manifest saxes@^6.0.0
32 silly packumentCache full:https://registry.npmjs.org/saxes cache-miss
33 silly fetch manifest nwsapi@^2.2.7
34 silly packumentCache full:https://registry.npmjs.org/nwsapi cache-miss
35 silly fetch manifest parse5@^7.1.2
36 silly packumentCache full:https://registry.npmjs.org/parse5 cache-miss
37 silly fetch manifest cssstyle@^3.0.0
38 silly packumentCache full:https://registry.npmjs.org/cssstyle cache-miss
39 silly fetch manifest data-urls@^5.0.0
40 silly packumentCache full:https://registry.npmjs.org/data-urls cache-miss
41 silly fetch manifest form-data@^4.0.0
42 silly packumentCache full:https://registry.npmjs.org/form-data cache-miss
43 silly fetch manifest decimal.js@^10.4.3
44 silly packumentCache full:https://registry.npmjs.org/decimal.js cache-miss
45 silly fetch manifest whatwg-url@^14.0.0
46 silly packumentCache full:https://registry.npmjs.org/whatwg-url cache-miss
47 silly fetch manifest rrweb-cssom@^0.6.0
48 silly packumentCache full:https://registry.npmjs.org/rrweb-cssom cache-miss
49 silly fetch manifest symbol-tree@^3.2.4
50 silly packumentCache full:https://registry.npmjs.org/symbol-tree cache-miss
51 http fetch GET 200 https://registry.npmjs.org/parse5 49ms (cache miss)
52 silly packumentCache full:https://registry.npmjs.org/parse5 set size:undefined disposed:false
53 silly fetch manifest tough-cookie@^4.1.3
54 silly packumentCache full:https://registry.npmjs.org/tough-cookie cache-miss
55 http fetch GET 200 https://registry.npmjs.org/tough-cookie 46ms (cache miss)
56 silly packumentCache full:https://registry.npmjs.org/tough-cookie set size:undefined disposed:false
57 silly fetch manifest whatwg-encoding@^3.1.1
58 silly packumentCache full:https://registry.npmjs.org/whatwg-encoding cache-miss
59 http fetch GET 200 https://registry.npmjs.org/whatwg-encoding 55ms (cache miss)
60 silly packumentCache full:https://registry.npmjs.org/whatwg-encoding set size:undefined disposed:false
61 silly fetch manifest whatwg-mimetype@^4.0.0
62 silly packumentCache full:https://registry.npmjs.org/whatwg-mimetype cache-miss
63 http fetch GET 200 https://registry.npmjs.org/symbol-tree 152ms (cache miss)
64 silly packumentCache full:https://registry.npmjs.org/symbol-tree set size:undefined disposed:false
65 silly fetch manifest http-proxy-agent@^7.0.0
66 silly packumentCache full:https://registry.npmjs.org/http-proxy-agent cache-miss
67 http fetch GET 200 https://registry.npmjs.org/data-urls 156ms (cache miss)
68 silly packumentCache full:https://registry.npmjs.org/data-urls set size:undefined disposed:false
69 silly fetch manifest https-proxy-agent@^7.0.2
70 silly packumentCache full:https://registry.npmjs.org/https-proxy-agent cache-miss
71 http fetch GET 200 https://registry.npmjs.org/cssstyle 160ms (cache miss)
72 silly packumentCache full:https://registry.npmjs.org/cssstyle set size:undefined disposed:false
73 silly fetch manifest w3c-xmlserializer@^5.0.0
74 silly packumentCache full:https://registry.npmjs.org/w3c-xmlserializer cache-miss
75 http fetch GET 200 https://registry.npmjs.org/ws 166ms (cache miss)
76 silly packumentCache full:https://registry.npmjs.org/ws set size:undefined disposed:false
77 silly fetch manifest webidl-conversions@^7.0.0
78 silly packumentCache full:https://registry.npmjs.org/webidl-conversions cache-miss
79 http fetch GET 200 https://registry.npmjs.org/decimal.js 182ms (cache miss)
80 silly packumentCache full:https://registry.npmjs.org/decimal.js set size:undefined disposed:false
81 silly fetch manifest xml-name-validator@^5.0.0
82 silly packumentCache full:https://registry.npmjs.org/xml-name-validator cache-miss
83 http fetch GET 200 https://registry.npmjs.org/form-data 184ms (cache miss)
84 silly packumentCache full:https://registry.npmjs.org/form-data set size:undefined disposed:false
85 silly fetch manifest html-encoding-sniffer@^4.0.0
86 silly packumentCache full:https://registry.npmjs.org/html-encoding-sniffer cache-miss
87 http fetch GET 200 https://registry.npmjs.org/https-proxy-agent 36ms (cache miss)
88 silly packumentCache full:https://registry.npmjs.org/https-proxy-agent set size:undefined disposed:false
89 silly fetch manifest is-potential-custom-element-name@^1.0.1
90 silly packumentCache full:https://registry.npmjs.org/is-potential-custom-element-name cache-miss
91 http fetch GET 200 https://registry.npmjs.org/saxes 197ms (cache miss)
92 silly packumentCache full:https://registry.npmjs.org/saxes set size:undefined disposed:false
93 http fetch GET 200 https://registry.npmjs.org/w3c-xmlserializer 39ms (cache miss)
94 silly packumentCache full:https://registry.npmjs.org/w3c-xmlserializer set size:undefined disposed:false
95 http fetch GET 200 https://registry.npmjs.org/webidl-conversions 35ms (cache miss)
96 silly packumentCache full:https://registry.npmjs.org/webidl-conversions set size:undefined disposed:false
97 http fetch GET 200 https://registry.npmjs.org/http-proxy-agent 53ms (cache miss)
98 silly packumentCache full:https://registry.npmjs.org/http-proxy-agent set size:undefined disposed:false
99 http fetch GET 200 https://registry.npmjs.org/whatwg-mimetype 57ms (cache miss)
100 silly packumentCache full:https://registry.npmjs.org/whatwg-mimetype set size:undefined disposed:false
101 http fetch GET 200 https://registry.npmjs.org/xml-name-validator 35ms (cache miss)
102 silly packumentCache full:https://registry.npmjs.org/xml-name-validator set size:undefined disposed:false
103 http fetch GET 200 https://registry.npmjs.org/is-potential-custom-element-name 32ms (cache miss)
104 silly packumentCache full:https://registry.npmjs.org/is-potential-custom-element-name set size:undefined disposed:false
105 http fetch GET 200 https://registry.npmjs.org/html-encoding-sniffer 39ms (cache miss)
106 silly packumentCache full:https://registry.npmjs.org/html-encoding-sniffer set size:undefined disposed:false
107 http fetch GET 200 https://registry.npmjs.org/whatwg-url 225ms (cache miss)
108 silly packumentCache full:https://registry.npmjs.org/whatwg-url set size:undefined disposed:false
109 http fetch GET 200 https://registry.npmjs.org/rrweb-cssom 230ms (cache miss)
110 silly packumentCache full:https://registry.npmjs.org/rrweb-cssom set size:undefined disposed:false
111 http fetch GET 200 https://registry.npmjs.org/nwsapi 337ms (cache miss)
112 silly packumentCache full:https://registry.npmjs.org/nwsapi set size:undefined disposed:false
113 silly fetch manifest bufferutil@^4.0.1
114 silly packumentCache full:https://registry.npmjs.org/bufferutil cache-miss
115 http fetch GET 200 https://registry.npmjs.org/bufferutil 43ms (cache miss)
116 silly packumentCache full:https://registry.npmjs.org/bufferutil set size:undefined disposed:false
117 silly fetch manifest utf-8-validate@>=5.0.2
118 silly packumentCache full:https://registry.npmjs.org/utf-8-validate cache-miss
119 http fetch GET 200 https://registry.npmjs.org/utf-8-validate 36ms (cache miss)
120 silly packumentCache full:https://registry.npmjs.org/utf-8-validate set size:undefined disposed:false
121 silly placeDep ROOT cssstyle@3.0.0 OK for: jsdom@23.0.0 want: ^3.0.0
122 silly placeDep ROOT data-urls@5.0.0 OK for: jsdom@23.0.0 want: ^5.0.0
123 silly placeDep ROOT decimal.js@10.4.3 OK for: jsdom@23.0.0 want: ^10.4.3
124 silly placeDep ROOT form-data@4.0.1 OK for: jsdom@23.0.0 want: ^4.0.0
125 silly placeDep ROOT html-encoding-sniffer@4.0.0 OK for: jsdom@23.0.0 want: ^4.0.0
126 silly placeDep ROOT http-proxy-agent@7.0.2 OK for: jsdom@23.0.0 want: ^7.0.0
127 silly placeDep ROOT https-proxy-agent@7.0.5 OK for: jsdom@23.0.0 want: ^7.0.2
128 silly placeDep ROOT is-potential-custom-element-name@1.0.1 OK for: jsdom@23.0.0 want: ^1.0.1
129 silly placeDep ROOT nwsapi@2.2.13 OK for: jsdom@23.0.0 want: ^2.2.7
130 silly placeDep ROOT parse5@7.2.0 OK for: jsdom@23.0.0 want: ^7.1.2
131 silly placeDep ROOT rrweb-cssom@0.6.0 OK for: jsdom@23.0.0 want: ^0.6.0
132 silly placeDep ROOT saxes@6.0.0 OK for: jsdom@23.0.0 want: ^6.0.0
133 silly placeDep ROOT symbol-tree@3.2.4 OK for: jsdom@23.0.0 want: ^3.2.4
134 silly placeDep ROOT tough-cookie@4.1.4 OK for: jsdom@23.0.0 want: ^4.1.3
135 silly placeDep ROOT w3c-xmlserializer@5.0.0 OK for: jsdom@23.0.0 want: ^5.0.0
136 silly placeDep ROOT webidl-conversions@7.0.0 OK for: jsdom@23.0.0 want: ^7.0.0
137 silly placeDep ROOT whatwg-encoding@3.1.1 OK for: jsdom@23.0.0 want: ^3.1.1
138 silly placeDep ROOT whatwg-mimetype@4.0.0 OK for: jsdom@23.0.0 want: ^4.0.0
139 silly placeDep ROOT whatwg-url@14.0.0 OK for: jsdom@23.0.0 want: ^14.0.0
140 silly placeDep ROOT ws@8.18.0 OK for: jsdom@23.0.0 want: ^8.14.2
141 silly placeDep ROOT xml-name-validator@5.0.0 OK for: jsdom@23.0.0 want: ^5.0.0
142 silly fetch manifest asynckit@^0.4.0
143 silly packumentCache full:https://registry.npmjs.org/asynckit cache-miss
144 silly fetch manifest combined-stream@^1.0.8
145 silly packumentCache full:https://registry.npmjs.org/combined-stream cache-miss
146 silly fetch manifest mime-types@^2.1.12
147 silly packumentCache full:https://registry.npmjs.org/mime-types cache-miss
148 silly fetch manifest agent-base@^7.1.0
149 silly packumentCache full:https://registry.npmjs.org/agent-base cache-miss
150 silly fetch manifest agent-base@^7.0.2
151 silly packumentCache full:https://registry.npmjs.org/agent-base cache-miss
152 silly fetch manifest entities@^4.5.0
153 silly packumentCache full:https://registry.npmjs.org/entities cache-miss
154 silly fetch manifest xmlchars@^2.2.0
155 silly packumentCache full:https://registry.npmjs.org/xmlchars cache-miss
156 silly fetch manifest psl@^1.1.33
157 silly packumentCache full:https://registry.npmjs.org/psl cache-miss
158 silly fetch manifest url-parse@^1.5.3
159 silly packumentCache full:https://registry.npmjs.org/url-parse cache-miss
160 silly fetch manifest universalify@^0.2.0
161 silly packumentCache full:https://registry.npmjs.org/universalify cache-miss
162 silly fetch manifest iconv-lite@0.6.3
163 silly packumentCache full:https://registry.npmjs.org/iconv-lite cache-miss
164 http fetch GET 200 https://registry.npmjs.org/combined-stream 55ms (cache miss)
165 silly packumentCache full:https://registry.npmjs.org/combined-stream set size:undefined disposed:false
166 silly fetch manifest tr46@^5.0.0
167 silly packumentCache full:https://registry.npmjs.org/tr46 cache-miss
168 http fetch GET 200 https://registry.npmjs.org/asynckit 58ms (cache miss)
169 silly packumentCache full:https://registry.npmjs.org/asynckit set size:undefined disposed:false
170 http fetch GET 200 https://registry.npmjs.org/xmlchars 59ms (cache miss)
171 silly packumentCache full:https://registry.npmjs.org/xmlchars set size:undefined disposed:false
172 http fetch GET 200 https://registry.npmjs.org/universalify 58ms (cache miss)
173 silly packumentCache full:https://registry.npmjs.org/universalify set size:undefined disposed:false
174 http fetch GET 200 https://registry.npmjs.org/agent-base 61ms (cache miss)
175 silly packumentCache full:https://registry.npmjs.org/agent-base set size:undefined disposed:false
176 http fetch GET 200 https://registry.npmjs.org/url-parse 59ms (cache miss)
177 silly packumentCache full:https://registry.npmjs.org/url-parse set size:undefined disposed:false
178 http fetch GET 200 https://registry.npmjs.org/agent-base 62ms (cache miss)
179 silly packumentCache full:https://registry.npmjs.org/agent-base set size:undefined disposed:false
180 http fetch GET 200 https://registry.npmjs.org/iconv-lite 60ms (cache miss)
181 silly packumentCache full:https://registry.npmjs.org/iconv-lite set size:undefined disposed:false
182 http fetch GET 200 https://registry.npmjs.org/mime-types 64ms (cache miss)
183 silly packumentCache full:https://registry.npmjs.org/mime-types set size:undefined disposed:false
184 http fetch GET 200 https://registry.npmjs.org/entities 64ms (cache miss)
185 silly packumentCache full:https://registry.npmjs.org/entities set size:undefined disposed:false
186 http fetch GET 200 https://registry.npmjs.org/psl 64ms (cache miss)
187 silly packumentCache full:https://registry.npmjs.org/psl set size:undefined disposed:false
188 http fetch GET 200 https://registry.npmjs.org/tr46 34ms (cache miss)
189 silly packumentCache full:https://registry.npmjs.org/tr46 set size:undefined disposed:false
190 silly placeDep ROOT asynckit@0.4.0 OK for: form-data@4.0.1 want: ^0.4.0
191 silly placeDep ROOT combined-stream@1.0.8 OK for: form-data@4.0.1 want: ^1.0.8
192 silly placeDep ROOT mime-types@2.1.35 OK for: form-data@4.0.1 want: ^2.1.12
193 silly fetch manifest delayed-stream@~1.0.0
194 silly packumentCache full:https://registry.npmjs.org/delayed-stream cache-miss
195 silly fetch manifest mime-db@1.52.0
196 silly packumentCache full:https://registry.npmjs.org/mime-db cache-miss
197 http fetch GET 200 https://registry.npmjs.org/delayed-stream 35ms (cache miss)
198 silly packumentCache full:https://registry.npmjs.org/delayed-stream set size:undefined disposed:false
199 http fetch GET 200 https://registry.npmjs.org/mime-db 36ms (cache miss)
200 silly packumentCache full:https://registry.npmjs.org/mime-db set size:undefined disposed:false
201 silly placeDep ROOT delayed-stream@1.0.0 OK for: combined-stream@1.0.8 want: ~1.0.0
202 silly placeDep ROOT agent-base@7.1.1 OK for: http-proxy-agent@7.0.2 want: ^7.1.0
203 silly placeDep ROOT mime-db@1.52.0 OK for: mime-types@2.1.35 want: 1.52.0
204 silly placeDep ROOT entities@4.5.0 OK for: parse5@7.2.0 want: ^4.5.0
205 silly placeDep ROOT xmlchars@2.2.0 OK for: saxes@6.0.0 want: ^2.2.0
206 silly placeDep ROOT psl@1.9.0 OK for: tough-cookie@4.1.4 want: ^1.1.33
207 silly placeDep ROOT universalify@0.2.0 OK for: tough-cookie@4.1.4 want: ^0.2.0
208 silly placeDep ROOT url-parse@1.5.10 OK for: tough-cookie@4.1.4 want: ^1.5.3
209 silly fetch manifest querystringify@^2.1.1
210 silly packumentCache full:https://registry.npmjs.org/querystringify cache-miss
211 silly fetch manifest requires-port@^1.0.0
212 silly packumentCache full:https://registry.npmjs.org/requires-port cache-miss
213 http fetch GET 200 https://registry.npmjs.org/querystringify 36ms (cache miss)
214 silly packumentCache full:https://registry.npmjs.org/querystringify set size:undefined disposed:false
215 http fetch GET 200 https://registry.npmjs.org/requires-port 37ms (cache miss)
216 silly packumentCache full:https://registry.npmjs.org/requires-port set size:undefined disposed:false
217 silly placeDep ROOT querystringify@2.2.0 OK for: url-parse@1.5.10 want: ^2.1.1
218 silly placeDep ROOT requires-port@1.0.0 OK for: url-parse@1.5.10 want: ^1.0.0
219 silly placeDep ROOT iconv-lite@0.6.3 OK for: whatwg-encoding@3.1.1 want: 0.6.3
220 silly fetch manifest safer-buffer@>= 2.1.2 < 3.0.0
221 silly packumentCache full:https://registry.npmjs.org/safer-buffer cache-miss
222 http fetch GET 200 https://registry.npmjs.org/safer-buffer 49ms (cache miss)
223 silly packumentCache full:https://registry.npmjs.org/safer-buffer set size:undefined disposed:false
224 silly placeDep ROOT safer-buffer@2.1.2 OK for: iconv-lite@0.6.3 want: >= 2.1.2 < 3.0.0
225 silly placeDep ROOT tr46@5.0.0 OK for: whatwg-url@14.0.0 want: ^5.0.0
226 silly reify mark retired [ '/home/fullstack-user/frontend/node_modules/agent-base' ]
227 silly reify mark retired [ '/home/fullstack-user/frontend/node_modules/asynckit' ]
228 silly reify mark retired [ '/home/fullstack-user/frontend/node_modules/blockly' ]
229 silly reify mark retired [ '/home/fullstack-user/frontend/node_modules/combined-stream' ]
230 silly reify mark retired [ '/home/fullstack-user/frontend/node_modules/cssstyle' ]
231 silly reify mark retired [ '/home/fullstack-user/frontend/node_modules/decimal.js' ]
232 silly reify mark retired [ '/home/fullstack-user/frontend/node_modules/data-urls' ]
233 silly reify mark retired [ '/home/fullstack-user/frontend/node_modules/delayed-stream' ]
234 silly reify mark retired [ '/home/fullstack-user/frontend/node_modules/entities' ]
235 silly reify mark retired [ '/home/fullstack-user/frontend/node_modules/form-data' ]
236 silly reify mark retired [ '/home/fullstack-user/frontend/node_modules/https-proxy-agent' ]
237 silly reify mark retired [ '/home/fullstack-user/frontend/node_modules/html-encoding-sniffer' ]
238 silly reify mark retired [ '/home/fullstack-user/frontend/node_modules/http-proxy-agent' ]
239 silly reify mark retired [ '/home/fullstack-user/frontend/node_modules/iconv-lite' ]
240 silly reify mark retired [
240 silly reify   '/home/fullstack-user/frontend/node_modules/is-potential-custom-element-name'
240 silly reify ]
241 silly reify mark retired [ '/home/fullstack-user/frontend/node_modules/jsdom' ]
242 silly reify mark retired [ '/home/fullstack-user/frontend/node_modules/mime-db' ]
243 silly reify mark retired [ '/home/fullstack-user/frontend/node_modules/mime-types' ]
244 silly reify mark retired [ '/home/fullstack-user/frontend/node_modules/nwsapi' ]
245 silly reify mark retired [ '/home/fullstack-user/frontend/node_modules/parse5' ]
246 silly reify mark retired [ '/home/fullstack-user/frontend/node_modules/psl' ]
247 silly reify mark retired [ '/home/fullstack-user/frontend/node_modules/querystringify' ]
248 silly reify mark retired [ '/home/fullstack-user/frontend/node_modules/requires-port' ]
249 silly reify mark retired [ '/home/fullstack-user/frontend/node_modules/rrweb-cssom' ]
250 silly reify mark retired [ '/home/fullstack-user/frontend/node_modules/safer-buffer' ]
251 silly reify mark retired [ '/home/fullstack-user/frontend/node_modules/saxes' ]
252 silly reify mark retired [ '/home/fullstack-user/frontend/node_modules/symbol-tree' ]
253 silly reify mark retired [ '/home/fullstack-user/frontend/node_modules/tough-cookie' ]
254 silly reify mark retired [ '/home/fullstack-user/frontend/node_modules/tr46' ]
255 silly reify mark retired [ '/home/fullstack-user/frontend/node_modules/universalify' ]
256 silly reify mark retired [ '/home/fullstack-user/frontend/node_modules/w3c-xmlserializer' ]
257 silly reify mark retired [ '/home/fullstack-user/frontend/node_modules/url-parse' ]
258 silly reify mark retired [ '/home/fullstack-user/frontend/node_modules/webidl-conversions' ]
259 silly reify mark retired [ '/home/fullstack-user/frontend/node_modules/whatwg-url' ]
260 silly reify mark retired [ '/home/fullstack-user/frontend/node_modules/whatwg-encoding' ]
261 silly reify mark retired [ '/home/fullstack-user/frontend/node_modules/whatwg-mimetype' ]
262 silly reify mark retired [ '/home/fullstack-user/frontend/node_modules/xml-name-validator' ]
263 silly reify mark retired [ '/home/fullstack-user/frontend/node_modules/xmlchars' ]
264 silly reify mark retired [ '/home/fullstack-user/frontend/node_modules/ws' ]
265 silly reify moves {
265 silly reify   '/home/fullstack-user/frontend/node_modules/agent-base': '/home/fullstack-user/frontend/node_modules/.agent-base-zpVp3Uhu',
265 silly reify   '/home/fullstack-user/frontend/node_modules/asynckit': '/home/fullstack-user/frontend/node_modules/.asynckit-s0Kfbhi6',
265 silly reify   '/home/fullstack-user/frontend/node_modules/blockly': '/home/fullstack-user/frontend/node_modules/.blockly-zkYBuiUP',
265 silly reify   '/home/fullstack-user/frontend/node_modules/combined-stream': '/home/fullstack-user/frontend/node_modules/.combined-stream-CofkyOmC',
265 silly reify   '/home/fullstack-user/frontend/node_modules/cssstyle': '/home/fullstack-user/frontend/node_modules/.cssstyle-WwX54AMz',
265 silly reify   '/home/fullstack-user/frontend/node_modules/decimal.js': '/home/fullstack-user/frontend/node_modules/.decimal.js-zgcDqz7k',
265 silly reify   '/home/fullstack-user/frontend/node_modules/data-urls': '/home/fullstack-user/frontend/node_modules/.data-urls-B3emB3N4',
265 silly reify   '/home/fullstack-user/frontend/node_modules/delayed-stream': '/home/fullstack-user/frontend/node_modules/.delayed-stream-IbrxvnW5',
265 silly reify   '/home/fullstack-user/frontend/node_modules/entities': '/home/fullstack-user/frontend/node_modules/.entities-Z4KSQbHr',
265 silly reify   '/home/fullstack-user/frontend/node_modules/form-data': '/home/fullstack-user/frontend/node_modules/.form-data-QcdyYQVJ',
265 silly reify   '/home/fullstack-user/frontend/node_modules/https-proxy-agent': '/home/fullstack-user/frontend/node_modules/.https-proxy-agent-JZPWE72T',
265 silly reify   '/home/fullstack-user/frontend/node_modules/html-encoding-sniffer': '/home/fullstack-user/frontend/node_modules/.html-encoding-sniffer-V7mbzeER',
265 silly reify   '/home/fullstack-user/frontend/node_modules/http-proxy-agent': '/home/fullstack-user/frontend/node_modules/.http-proxy-agent-woKfbXuN',
265 silly reify   '/home/fullstack-user/frontend/node_modules/iconv-lite': '/home/fullstack-user/frontend/node_modules/.iconv-lite-1saTWHkE',
265 silly reify   '/home/fullstack-user/frontend/node_modules/is-potential-custom-element-name': '/home/fullstack-user/frontend/node_modules/.is-potential-custom-element-name-dLNhFjhk',
265 silly reify   '/home/fullstack-user/frontend/node_modules/jsdom': '/home/fullstack-user/frontend/node_modules/.jsdom-8bNdu2IY',
265 silly reify   '/home/fullstack-user/frontend/node_modules/mime-db': '/home/fullstack-user/frontend/node_modules/.mime-db-WWSeIhlZ',
265 silly reify   '/home/fullstack-user/frontend/node_modules/mime-types': '/home/fullstack-user/frontend/node_modules/.mime-types-O1HGgX3p',
265 silly reify   '/home/fullstack-user/frontend/node_modules/nwsapi': '/home/fullstack-user/frontend/node_modules/.nwsapi-pJ2fqCK1',
265 silly reify   '/home/fullstack-user/frontend/node_modules/parse5': '/home/fullstack-user/frontend/node_modules/.parse5-ttiEShS6',
265 silly reify   '/home/fullstack-user/frontend/node_modules/psl': '/home/fullstack-user/frontend/node_modules/.psl-4w2xp36i',
265 silly reify   '/home/fullstack-user/frontend/node_modules/querystringify': '/home/fullstack-user/frontend/node_modules/.querystringify-zTtm6cgv',
265 silly reify   '/home/fullstack-user/frontend/node_modules/requires-port': '/home/fullstack-user/frontend/node_modules/.requires-port-z3eYp9Tr',
265 silly reify   '/home/fullstack-user/frontend/node_modules/rrweb-cssom': '/home/fullstack-user/frontend/node_modules/.rrweb-cssom-oiI0o8i3',
265 silly reify   '/home/fullstack-user/frontend/node_modules/safer-buffer': '/home/fullstack-user/frontend/node_modules/.safer-buffer-iXIAr4G7',
265 silly reify   '/home/fullstack-user/frontend/node_modules/saxes': '/home/fullstack-user/frontend/node_modules/.saxes-U9hJSYGm',
265 silly reify   '/home/fullstack-user/frontend/node_modules/symbol-tree': '/home/fullstack-user/frontend/node_modules/.symbol-tree-sBgvct87',
265 silly reify   '/home/fullstack-user/frontend/node_modules/tough-cookie': '/home/fullstack-user/frontend/node_modules/.tough-cookie-usmdfgCl',
265 silly reify   '/home/fullstack-user/frontend/node_modules/tr46': '/home/fullstack-user/frontend/node_modules/.tr46-cmyaZ8cc',
265 silly reify   '/home/fullstack-user/frontend/node_modules/universalify': '/home/fullstack-user/frontend/node_modules/.universalify-NyMHKRuH',
265 silly reify   '/home/fullstack-user/frontend/node_modules/w3c-xmlserializer': '/home/fullstack-user/frontend/node_modules/.w3c-xmlserializer-V5PIyNyr',
265 silly reify   '/home/fullstack-user/frontend/node_modules/url-parse': '/home/fullstack-user/frontend/node_modules/.url-parse-vgrL4XlX',
265 silly reify   '/home/fullstack-user/frontend/node_modules/webidl-conversions': '/home/fullstack-user/frontend/node_modules/.webidl-conversions-z0yWQloj',
265 silly reify   '/home/fullstack-user/frontend/node_modules/whatwg-url': '/home/fullstack-user/frontend/node_modules/.whatwg-url-SB9AzOEL',
265 silly reify   '/home/fullstack-user/frontend/node_modules/whatwg-encoding': '/home/fullstack-user/frontend/node_modules/.whatwg-encoding-xQulfsCv',
265 silly reify   '/home/fullstack-user/frontend/node_modules/whatwg-mimetype': '/home/fullstack-user/frontend/node_modules/.whatwg-mimetype-AZPvphwf',
265 silly reify   '/home/fullstack-user/frontend/node_modules/xml-name-validator': '/home/fullstack-user/frontend/node_modules/.xml-name-validator-BlYiRVp3',
265 silly reify   '/home/fullstack-user/frontend/node_modules/xmlchars': '/home/fullstack-user/frontend/node_modules/.xmlchars-ARja1yTq',
265 silly reify   '/home/fullstack-user/frontend/node_modules/ws': '/home/fullstack-user/frontend/node_modules/.ws-k6C81ak0'
265 silly reify }
266 silly audit bulk request {
266 silly audit   '@alloc/quick-lru': [ '5.2.0' ],
266 silly audit   '@ampproject/remapping': [ '2.3.0' ],
266 silly audit   '@babel/code-frame': [ '7.24.7' ],
266 silly audit   '@babel/compat-data': [ '7.24.7' ],
266 silly audit   '@babel/core': [ '7.24.7' ],
266 silly audit   semver: [ '6.3.1', '7.6.2' ],
266 silly audit   '@babel/generator': [ '7.24.7' ],
266 silly audit   '@babel/helper-compilation-targets': [ '7.24.7' ],
266 silly audit   '@babel/helper-environment-visitor': [ '7.24.7' ],
266 silly audit   '@babel/helper-function-name': [ '7.24.7' ],
266 silly audit   '@babel/helper-hoist-variables': [ '7.24.7' ],
266 silly audit   '@babel/helper-module-imports': [ '7.24.7' ],
266 silly audit   '@babel/helper-module-transforms': [ '7.24.7' ],
266 silly audit   '@babel/helper-plugin-utils': [ '7.24.7' ],
266 silly audit   '@babel/helper-simple-access': [ '7.24.7' ],
266 silly audit   '@babel/helper-split-export-declaration': [ '7.24.7' ],
266 silly audit   '@babel/helper-string-parser': [ '7.24.7' ],
266 silly audit   '@babel/helper-validator-identifier': [ '7.24.7' ],
266 silly audit   '@babel/helper-validator-option': [ '7.24.7' ],
266 silly audit   '@babel/helpers': [ '7.24.7' ],
266 silly audit   '@babel/highlight': [ '7.24.7' ],
266 silly audit   '@babel/parser': [ '7.24.7' ],
266 silly audit   '@babel/plugin-transform-react-jsx-self': [ '7.24.7' ],
266 silly audit   '@babel/plugin-transform-react-jsx-source': [ '7.24.7' ],
266 silly audit   '@babel/template': [ '7.24.7' ],
266 silly audit   '@babel/traverse': [ '7.24.7' ],
266 silly audit   '@babel/types': [ '7.24.7' ],
266 silly audit   '@esbuild/aix-ppc64': [ '0.21.5' ],
266 silly audit   '@esbuild/android-arm': [ '0.21.5' ],
266 silly audit   '@esbuild/android-arm64': [ '0.21.5' ],
266 silly audit   '@esbuild/android-x64': [ '0.21.5' ],
266 silly audit   '@esbuild/darwin-arm64': [ '0.21.5' ],
266 silly audit   '@esbuild/darwin-x64': [ '0.21.5' ],
266 silly audit   '@esbuild/freebsd-arm64': [ '0.21.5' ],
266 silly audit   '@esbuild/freebsd-x64': [ '0.21.5' ],
266 silly audit   '@esbuild/linux-arm': [ '0.21.5' ],
266 silly audit   '@esbuild/linux-arm64': [ '0.21.5' ],
266 silly audit   '@esbuild/linux-ia32': [ '0.21.5' ],
266 silly audit   '@esbuild/linux-loong64': [ '0.21.5' ],
266 silly audit   '@esbuild/linux-mips64el': [ '0.21.5' ],
266 silly audit   '@esbuild/linux-ppc64': [ '0.21.5' ],
266 silly audit   '@esbuild/linux-riscv64': [ '0.21.5' ],
266 silly audit   '@esbuild/linux-s390x': [ '0.21.5' ],
266 silly audit   '@esbuild/linux-x64': [ '0.21.5' ],
266 silly audit   '@esbuild/netbsd-x64': [ '0.21.5' ],
266 silly audit   '@esbuild/openbsd-x64': [ '0.21.5' ],
266 silly audit   '@esbuild/sunos-x64': [ '0.21.5' ],
266 silly audit   '@esbuild/win32-arm64': [ '0.21.5' ],
266 silly audit   '@esbuild/win32-ia32': [ '0.21.5' ],
266 silly audit   '@esbuild/win32-x64': [ '0.21.5' ],
266 silly audit   '@eslint-community/eslint-utils': [ '4.4.0' ],
266 silly audit   '@eslint-community/regexpp': [ '4.10.1' ],
266 silly audit   '@eslint/eslintrc': [ '2.1.4' ],
266 silly audit   'brace-expansion': [ '1.1.11', '2.0.1' ],
266 silly audit   globals: [ '13.24.0', '11.12.0' ],
266 silly audit   minimatch: [ '3.1.2', '9.0.4' ],
266 silly audit   '@eslint/js': [ '8.57.0' ],
266 silly audit   '@floating-ui/core': [ '1.6.8' ],
266 silly audit   '@floating-ui/dom': [ '1.6.11' ],
266 silly audit   '@floating-ui/react-dom': [ '2.1.2' ],
266 silly audit   '@floating-ui/utils': [ '0.2.8' ],
266 silly audit   '@humanwhocodes/config-array': [ '0.11.14' ],
266 silly audit   '@humanwhocodes/module-importer': [ '1.0.1' ],
266 silly audit   '@humanwhocodes/object-schema': [ '2.0.3' ],
266 silly audit   '@isaacs/cliui': [ '8.0.2' ],
266 silly audit   'ansi-regex': [ '6.0.1', '5.0.1' ],
266 silly audit   'strip-ansi': [ '7.1.0', '6.0.1' ],
266 silly audit   '@jridgewell/gen-mapping': [ '0.3.5' ],
266 silly audit   '@jridgewell/resolve-uri': [ '3.1.2' ],
266 silly audit   '@jridgewell/set-array': [ '1.2.1' ],
266 silly audit   '@jridgewell/sourcemap-codec': [ '1.4.15' ],
266 silly audit   '@jridgewell/trace-mapping': [ '0.3.25' ],
266 silly audit   '@nodelib/fs.scandir': [ '2.1.5' ],
266 silly audit   '@nodelib/fs.stat': [ '2.0.5' ],
266 silly audit   '@nodelib/fs.walk': [ '1.2.8' ],
266 silly audit   '@pkgjs/parseargs': [ '0.11.0' ],
266 silly audit   '@radix-ui/primitive': [ '1.1.0' ],
266 silly audit   '@radix-ui/react-accordion': [ '1.2.1' ],
266 silly audit   '@radix-ui/react-arrow': [ '1.1.0' ],
266 silly audit   '@radix-ui/react-avatar': [ '1.1.1' ],
266 silly audit   '@radix-ui/react-collapsible': [ '1.1.1' ],
266 silly audit   '@radix-ui/react-collection': [ '1.1.0' ],
266 silly audit   '@radix-ui/react-context': [ '1.1.0', '1.1.1' ],
266 silly audit   '@radix-ui/react-compose-refs': [ '1.1.0' ],
266 silly audit   '@radix-ui/react-dialog': [ '1.1.2' ],
266 silly audit   '@radix-ui/react-direction': [ '1.1.0' ],
266 silly audit   '@radix-ui/react-dismissable-layer': [ '1.1.1' ],
266 silly audit   '@radix-ui/react-dropdown-menu': [ '2.1.2' ],
266 silly audit   '@radix-ui/react-focus-guards': [ '1.1.1' ],
266 silly audit   '@radix-ui/react-focus-scope': [ '1.1.0' ],
266 silly audit   '@radix-ui/react-icons': [ '1.3.0' ],
266 silly audit   '@radix-ui/react-id': [ '1.1.0' ],
266 silly audit   '@radix-ui/react-menu': [ '2.1.2' ],
266 silly audit   '@radix-ui/react-navigation-menu': [ '1.2.1' ],
266 silly audit   '@radix-ui/react-popper': [ '1.2.0' ],
266 silly audit   '@radix-ui/react-portal': [ '1.1.2' ],
266 silly audit   '@radix-ui/react-presence': [ '1.1.1' ],
266 silly audit   '@radix-ui/react-primitive': [ '2.0.0' ],
266 silly audit   '@radix-ui/react-roving-focus': [ '1.1.0' ],
266 silly audit   '@radix-ui/react-slot': [ '1.1.0' ],
266 silly audit   '@radix-ui/react-use-callback-ref': [ '1.1.0' ],
266 silly audit   '@radix-ui/react-use-controllable-state': [ '1.1.0' ],
266 silly audit   '@radix-ui/react-use-escape-keydown': [ '1.1.0' ],
266 silly audit   '@radix-ui/react-use-layout-effect': [ '1.1.0' ],
266 silly audit   '@radix-ui/react-use-previous': [ '1.1.0' ],
266 silly audit   '@radix-ui/react-use-rect': [ '1.1.0' ],
266 silly audit   '@radix-ui/react-use-size': [ '1.1.0' ],
266 silly audit   '@radix-ui/react-visually-hidden': [ '1.1.0' ],
266 silly audit   '@radix-ui/rect': [ '1.1.0' ],
266 silly audit   '@remix-run/router': [ '1.19.2' ],
266 silly audit   '@rollup/rollup-android-arm-eabi': [ '4.24.0' ],
266 silly audit   '@rollup/rollup-android-arm64': [ '4.24.0' ],
266 silly audit   '@rollup/rollup-darwin-arm64': [ '4.24.0' ],
266 silly audit   '@rollup/rollup-darwin-x64': [ '4.24.0' ],
266 silly audit   '@rollup/rollup-linux-arm-gnueabihf': [ '4.24.0' ],
266 silly audit   '@rollup/rollup-linux-arm-musleabihf': [ '4.24.0' ],
266 silly audit   '@rollup/rollup-linux-arm64-gnu': [ '4.24.0' ],
266 silly audit   '@rollup/rollup-linux-arm64-musl': [ '4.24.0' ],
266 silly audit   '@rollup/rollup-linux-powerpc64le-gnu': [ '4.24.0' ],
266 silly audit   '@rollup/rollup-linux-riscv64-gnu': [ '4.24.0' ],
266 silly audit   '@rollup/rollup-linux-s390x-gnu': [ '4.24.0' ],
266 silly audit   '@rollup/rollup-linux-x64-gnu': [ '4.24.0' ],
266 silly audit   '@rollup/rollup-linux-x64-musl': [ '4.24.0' ],
266 silly audit   '@rollup/rollup-win32-arm64-msvc': [ '4.24.0' ],
266 silly audit   '@rollup/rollup-win32-ia32-msvc': [ '4.24.0' ],
266 silly audit   '@rollup/rollup-win32-x64-msvc': [ '4.24.0' ],
266 silly audit   '@types/babel__core': [ '7.20.5' ],
266 silly audit   '@types/babel__generator': [ '7.6.8' ],
266 silly audit   '@types/babel__template': [ '7.4.4' ],
266 silly audit   '@types/babel__traverse': [ '7.20.6' ],
266 silly audit   '@types/estree': [ '1.0.6' ],
266 silly audit   '@types/node': [ '20.14.2' ],
266 silly audit   '@types/prop-types': [ '15.7.12' ],
266 silly audit   '@types/react': [ '18.3.3' ],
266 silly audit   '@types/react-dom': [ '18.3.0' ],
266 silly audit   '@typescript-eslint/eslint-plugin': [ '7.12.0' ],
266 silly audit   '@typescript-eslint/parser': [ '7.12.0' ],
266 silly audit   '@typescript-eslint/scope-manager': [ '7.12.0' ],
266 silly audit   '@typescript-eslint/type-utils': [ '7.12.0' ],
266 silly audit   '@typescript-eslint/types': [ '7.12.0' ],
266 silly audit   '@typescript-eslint/typescript-estree': [ '7.12.0' ],
266 silly audit   '@typescript-eslint/utils': [ '7.12.0' ],
266 silly audit   '@typescript-eslint/visitor-keys': [ '7.12.0' ],
266 silly audit   '@ungap/structured-clone': [ '1.2.0' ],
266 silly audit   '@vitejs/plugin-react': [ '4.3.0' ],
266 silly audit   acorn: [ '8.11.3' ],
266 silly audit   'acorn-jsx': [ '5.3.2' ],
266 silly audit   ajv: [ '6.12.6' ],
266 silly audit   'ansi-styles': [ '3.2.1', '4.3.0', '6.2.1' ],
266 silly audit   'any-promise': [ '1.3.0' ],
266 silly audit   anymatch: [ '3.1.3' ],
266 silly audit   arg: [ '5.0.2' ],
266 silly audit   argparse: [ '2.0.1' ],
266 silly audit   'aria-hidden': [ '1.2.4' ],
266 silly audit   'array-union': [ '2.1.0' ],
266 silly audit   autoprefixer: [ '10.4.19' ],
266 silly audit   'balanced-match': [ '1.0.2' ],
266 silly audit   'binary-extensions': [ '2.3.0' ],
266 silly audit   braces: [ '3.0.3' ],
266 silly audit   browserslist: [ '4.23.0' ],
266 silly audit   callsites: [ '3.1.0' ],
266 silly audit   'camelcase-css': [ '2.0.1' ],
266 silly audit   'caniuse-lite': [ '1.0.30001629' ],
266 silly audit   chalk: [ '2.4.2', '4.1.2' ],
266 silly audit   chokidar: [ '3.6.0' ],
266 silly audit   'glob-parent': [ '5.1.2', '6.0.2' ],
266 silly audit   'class-variance-authority': [ '0.7.0' ],
266 silly audit   clsx: [ '2.0.0', '2.1.1' ],
266 silly audit   'color-convert': [ '1.9.3', '2.0.1' ],
266 silly audit   'color-name': [ '1.1.3', '1.1.4' ],
266 silly audit   commander: [ '4.1.1' ],
266 silly audit   'concat-map': [ '0.0.1' ],
266 silly audit   'convert-source-map': [ '2.0.0' ],
266 silly audit   'cross-spawn': [ '7.0.3' ],
266 silly audit   cssesc: [ '3.0.0' ],
266 silly audit   csstype: [ '3.1.3' ],
266 silly audit   debug: [ '4.3.5' ],
266 silly audit   'deep-is': [ '0.1.4' ],
266 silly audit   'detect-node-es': [ '1.1.0' ],
266 silly audit   didyoumean: [ '1.2.2' ],
266 silly audit   'dir-glob': [ '3.0.1' ],
266 silly audit   dlv: [ '1.1.3' ],
266 silly audit   doctrine: [ '3.0.0' ],
266 silly audit   eastasianwidth: [ '0.2.0' ],
266 silly audit   'electron-to-chromium': [ '1.4.796' ],
266 silly audit   'emoji-regex': [ '9.2.2', '8.0.0' ],
266 silly audit   esbuild: [ '0.21.5' ],
266 silly audit   escalade: [ '3.1.2' ],
266 silly audit   'escape-string-regexp': [ '1.0.5', '4.0.0' ],
266 silly audit   eslint: [ '8.57.0' ],
266 silly audit   'eslint-plugin-react-hooks': [ '4.6.2' ],
266 silly audit   'eslint-plugin-react-refresh': [ '0.4.7' ],
266 silly audit   'eslint-scope': [ '7.2.2' ],
266 silly audit   'eslint-visitor-keys': [ '3.4.3' ],
266 silly audit   'has-flag': [ '4.0.0', '3.0.0' ],
266 silly audit   'supports-color': [ '7.2.0', '5.5.0' ],
266 silly audit   espree: [ '9.6.1' ],
266 silly audit   esquery: [ '1.5.0' ],
266 silly audit   esrecurse: [ '4.3.0' ],
266 silly audit   estraverse: [ '5.3.0' ],
266 silly audit   esutils: [ '2.0.3' ],
266 silly audit   'fast-deep-equal': [ '3.1.3' ],
266 silly audit   'fast-glob': [ '3.3.2' ],
266 silly audit   'fast-json-stable-stringify': [ '2.1.0' ],
266 silly audit   'fast-levenshtein': [ '2.0.6' ],
266 silly audit   fastq: [ '1.17.1' ],
266 silly audit   'file-entry-cache': [ '6.0.1' ],
266 silly audit   'fill-range': [ '7.1.1' ],
266 silly audit   'find-up': [ '5.0.0' ],
266 silly audit   'flat-cache': [ '3.2.0' ],
266 silly audit   flatted: [ '3.3.1' ],
266 silly audit   'foreground-child': [ '3.1.1' ],
266 silly audit   'fraction.js': [ '4.3.7' ],
266 silly audit   'fs.realpath': [ '1.0.0' ],
266 silly audit   fsevents: [ '2.3.3' ],
266 silly audit   'function-bind': [ '1.1.2' ],
266 silly audit   gensync: [ '1.0.0-beta.2' ],
266 silly audit   'get-nonce': [ '1.0.1' ],
266 silly audit   glob: [ '7.2.3', '10.4.1' ],
266 silly audit   globby: [ '11.1.0' ],
266 silly audit   graphemer: [ '1.4.0' ],
266 silly audit   hasown: [ '2.0.2' ],
266 silly audit   ignore: [ '5.3.1' ],
266 silly audit   'import-fresh': [ '3.3.0' ],
266 silly audit   imurmurhash: [ '0.1.4' ],
266 silly audit   inflight: [ '1.0.6' ],
266 silly audit   inherits: [ '2.0.4' ],
266 silly audit   invariant: [ '2.2.4' ],
266 silly audit   'is-binary-path': [ '2.1.0' ],
266 silly audit   'is-core-module': [ '2.13.1' ],
266 silly audit   'is-extglob': [ '2.1.1' ],
266 silly audit   'is-fullwidth-code-point': [ '3.0.0' ],
266 silly audit   'is-glob': [ '4.0.3' ],
266 silly audit   'is-number': [ '7.0.0' ],
266 silly audit   'is-path-inside': [ '3.0.3' ],
266 silly audit   isexe: [ '2.0.0' ],
266 silly audit   jackspeak: [ '3.4.0' ],
266 silly audit   jiti: [ '1.21.3' ],
266 silly audit   'js-tokens': [ '4.0.0' ],
266 silly audit   'js-yaml': [ '4.1.0' ],
266 silly audit   jsesc: [ '2.5.2' ],
266 silly audit   'json-buffer': [ '3.0.1' ],
266 silly audit   'json-schema-traverse': [ '0.4.1' ],
266 silly audit   'json-stable-stringify-without-jsonify': [ '1.0.1' ],
266 silly audit   json5: [ '2.2.3' ],
266 silly audit   keyv: [ '4.5.4' ],
266 silly audit   levn: [ '0.4.1' ],
266 silly audit   lilconfig: [ '2.1.0', '3.1.1' ],
266 silly audit   'lines-and-columns': [ '1.2.4' ],
266 silly audit   'locate-path': [ '6.0.0' ],
266 silly audit   'lodash.merge': [ '4.6.2' ],
266 silly audit   'loose-envify': [ '1.4.0' ],
266 silly audit   'lru-cache': [ '5.1.1', '10.2.2' ],
266 silly audit   'lucide-react': [ '0.424.0' ],
266 silly audit   merge2: [ '1.4.1' ],
266 silly audit   micromatch: [ '4.0.8' ],
266 silly audit   minipass: [ '7.1.2' ],
266 silly audit   ms: [ '2.1.2' ],
266 silly audit   mz: [ '2.7.0' ],
266 silly audit   nanoid: [ '3.3.7' ],
266 silly audit   'natural-compare': [ '1.4.0' ],
266 silly audit   'node-releases': [ '2.0.14' ],
266 silly audit   'normalize-path': [ '3.0.0' ],
266 silly audit   'normalize-range': [ '0.1.2' ],
266 silly audit   'object-assign': [ '4.1.1' ],
266 silly audit   'object-hash': [ '3.0.0' ],
266 silly audit   once: [ '1.4.0' ],
266 silly audit   optionator: [ '0.9.4' ],
266 silly audit   'p-limit': [ '3.1.0' ],
266 silly audit   'p-locate': [ '5.0.0' ],
266 silly audit   'parent-module': [ '1.0.1' ],
266 silly audit   'path-exists': [ '4.0.0' ],
266 silly audit   'path-is-absolute': [ '1.0.1' ],
266 silly audit   'path-key': [ '3.1.1' ],
266 silly audit   'path-parse': [ '1.0.7' ],
266 silly audit   'path-scurry': [ '1.11.1' ],
266 silly audit   'path-type': [ '4.0.0' ],
266 silly audit   picocolors: [ '1.1.0' ],
266 silly audit   picomatch: [ '2.3.1' ],
266 silly audit   pify: [ '2.3.0' ],
266 silly audit   pirates: [ '4.0.6' ],
266 silly audit   postcss: [ '8.4.47' ],
266 silly audit   'postcss-import': [ '15.1.0' ],
266 silly audit   'postcss-js': [ '4.0.1' ],
266 silly audit   'postcss-load-config': [ '4.0.2' ],
266 silly audit   'postcss-nested': [ '6.0.1' ],
266 silly audit   'postcss-selector-parser': [ '6.1.0' ],
266 silly audit   'postcss-value-parser': [ '4.2.0' ],
266 silly audit   'prelude-ls': [ '1.2.1' ],
266 silly audit   punycode: [ '2.3.1' ],
266 silly audit   'queue-microtask': [ '1.2.3' ],
266 silly audit   react: [ '18.3.1' ],
266 silly audit   'react-dom': [ '18.3.1' ],
266 silly audit   'react-refresh': [ '0.14.2' ],
266 silly audit   'react-remove-scroll': [ '2.6.0' ],
266 silly audit   'react-remove-scroll-bar': [ '2.3.6' ],
266 silly audit   'react-router': [ '6.26.2' ],
266 silly audit   'react-router-dom': [ '6.26.2' ],
266 silly audit   'react-style-singleton': [ '2.2.1' ],
266 silly audit   'read-cache': [ '1.0.0' ],
266 silly audit   readdirp: [ '3.6.0' ],
266 silly audit   resolve: [ '1.22.8' ],
266 silly audit   'resolve-from': [ '4.0.0' ],
266 silly audit   reusify: [ '1.0.4' ],
266 silly audit   rimraf: [ '3.0.2' ],
266 silly audit   rollup: [ '4.24.0' ],
266 silly audit   'run-parallel': [ '1.2.0' ],
266 silly audit   scheduler: [ '0.23.2' ],
266 silly audit   'shebang-command': [ '2.0.0' ],
266 silly audit   'shebang-regex': [ '3.0.0' ],
266 silly audit   'signal-exit': [ '4.1.0' ],
266 silly audit   slash: [ '3.0.0' ],
266 silly audit   'source-map-js': [ '1.2.1' ],
266 silly audit   'string-width': [ '5.1.2', '4.2.3' ],
266 silly audit   'strip-json-comments': [ '3.1.1' ],
266 silly audit   sucrase: [ '3.35.0' ],
266 silly audit   'supports-preserve-symlinks-flag': [ '1.0.0' ],
266 silly audit   'tailwind-merge': [ '2.5.3' ],
266 silly audit   tailwindcss: [ '3.4.4' ],
266 silly audit   'tailwindcss-animate': [ '1.0.7' ],
266 silly audit   'text-table': [ '0.2.0' ],
266 silly audit   thenify: [ '3.3.1' ],
266 silly audit   'thenify-all': [ '1.6.0' ],
266 silly audit   'to-fast-properties': [ '2.0.0' ],
266 silly audit   'to-regex-range': [ '5.0.1' ],
266 silly audit   'ts-api-utils': [ '1.3.0' ],
266 silly audit   'ts-interface-checker': [ '0.1.13' ],
266 silly audit   tslib: [ '2.6.3' ],
266 silly audit   'type-check': [ '0.4.0' ],
266 silly audit   'type-fest': [ '0.20.2' ],
266 silly audit   typescript: [ '5.4.5' ],
266 silly audit   'undici-types': [ '5.26.5' ],
266 silly audit   'update-browserslist-db': [ '1.0.16' ],
266 silly audit   'uri-js': [ '4.4.1' ],
266 silly audit   'use-callback-ref': [ '1.3.2' ],
266 silly audit   'use-sidecar': [ '1.1.2' ],
266 silly audit   'util-deprecate': [ '1.0.2' ],
266 silly audit   vite: [ '5.4.9' ],
266 silly audit   which: [ '2.0.2' ],
266 silly audit   'word-wrap': [ '1.2.5' ],
266 silly audit   'wrap-ansi': [ '8.1.0', '7.0.0' ],
266 silly audit   wrappy: [ '1.0.2' ],
266 silly audit   yallist: [ '3.1.1' ],
266 silly audit   yaml: [ '2.4.3' ],
266 silly audit   'yocto-queue': [ '0.1.0' ],
266 silly audit   blockly: [ '11.1.1' ],
266 silly audit   jsdom: [ '23.0.0' ],
266 silly audit   cssstyle: [ '3.0.0' ],
266 silly audit   'data-urls': [ '5.0.0' ],
266 silly audit   'decimal.js': [ '10.4.3' ],
266 silly audit   'form-data': [ '4.0.1' ],
266 silly audit   'html-encoding-sniffer': [ '4.0.0' ],
266 silly audit   'http-proxy-agent': [ '7.0.2' ],
266 silly audit   'https-proxy-agent': [ '7.0.5' ],
266 silly audit   'is-potential-custom-element-name': [ '1.0.1' ],
266 silly audit   nwsapi: [ '2.2.13' ],
266 silly audit   parse5: [ '7.2.0' ],
266 silly audit   'rrweb-cssom': [ '0.6.0' ],
266 silly audit   saxes: [ '6.0.0' ],
266 silly audit   'symbol-tree': [ '3.2.4' ],
266 silly audit   'tough-cookie': [ '4.1.4' ],
266 silly audit   'w3c-xmlserializer': [ '5.0.0' ],
266 silly audit   'webidl-conversions': [ '7.0.0' ],
266 silly audit   'whatwg-encoding': [ '3.1.1' ],
266 silly audit   'whatwg-mimetype': [ '4.0.0' ],
266 silly audit   'whatwg-url': [ '14.0.0' ],
266 silly audit   ws: [ '8.18.0' ],
266 silly audit   'xml-name-validator': [ '5.0.0' ],
266 silly audit   asynckit: [ '0.4.0' ],
266 silly audit   'combined-stream': [ '1.0.8' ],
266 silly audit   'mime-types': [ '2.1.35' ],
266 silly audit   'delayed-stream': [ '1.0.0' ],
266 silly audit   'agent-base': [ '7.1.1' ],
266 silly audit   'mime-db': [ '1.52.0' ],
266 silly audit   entities: [ '4.5.0' ],
266 silly audit   xmlchars: [ '2.2.0' ],
266 silly audit   psl: [ '1.9.0' ],
266 silly audit   universalify: [ '0.2.0' ],
266 silly audit   'url-parse': [ '1.5.10' ],
266 silly audit   querystringify: [ '2.2.0' ],
266 silly audit   'requires-port': [ '1.0.0' ],
266 silly audit   'iconv-lite': [ '0.6.3' ],
266 silly audit   'safer-buffer': [ '2.1.2' ],
266 silly audit   tr46: [ '5.0.0' ]
266 silly audit }
267 verbose reify failed optional dependency /home/fullstack-user/frontend/node_modules/fsevents
268 silly reify mark deleted [ '/home/fullstack-user/frontend/node_modules/fsevents' ]
269 verbose reify failed optional dependency /home/fullstack-user/frontend/node_modules/@rollup/rollup-win32-x64-msvc
270 silly reify mark deleted [
270 silly reify   '/home/fullstack-user/frontend/node_modules/@rollup/rollup-win32-x64-msvc'
270 silly reify ]
271 verbose reify failed optional dependency /home/fullstack-user/frontend/node_modules/@rollup/rollup-win32-ia32-msvc
272 silly reify mark deleted [
272 silly reify   '/home/fullstack-user/frontend/node_modules/@rollup/rollup-win32-ia32-msvc'
272 silly reify ]
273 verbose reify failed optional dependency /home/fullstack-user/frontend/node_modules/@rollup/rollup-win32-arm64-msvc
274 silly reify mark deleted [
274 silly reify   '/home/fullstack-user/frontend/node_modules/@rollup/rollup-win32-arm64-msvc'
274 silly reify ]
275 verbose reify failed optional dependency /home/fullstack-user/frontend/node_modules/@rollup/rollup-linux-x64-musl
276 silly reify mark deleted [
276 silly reify   '/home/fullstack-user/frontend/node_modules/@rollup/rollup-linux-x64-musl'
276 silly reify ]
277 verbose reify failed optional dependency /home/fullstack-user/frontend/node_modules/@rollup/rollup-linux-x64-gnu
278 silly reify mark deleted [
278 silly reify   '/home/fullstack-user/frontend/node_modules/@rollup/rollup-linux-x64-gnu'
278 silly reify ]
279 verbose reify failed optional dependency /home/fullstack-user/frontend/node_modules/@rollup/rollup-linux-s390x-gnu
280 silly reify mark deleted [
280 silly reify   '/home/fullstack-user/frontend/node_modules/@rollup/rollup-linux-s390x-gnu'
280 silly reify ]
281 verbose reify failed optional dependency /home/fullstack-user/frontend/node_modules/@rollup/rollup-linux-riscv64-gnu
282 silly reify mark deleted [
282 silly reify   '/home/fullstack-user/frontend/node_modules/@rollup/rollup-linux-riscv64-gnu'
282 silly reify ]
283 verbose reify failed optional dependency /home/fullstack-user/frontend/node_modules/@rollup/rollup-linux-powerpc64le-gnu
284 silly reify mark deleted [
284 silly reify   '/home/fullstack-user/frontend/node_modules/@rollup/rollup-linux-powerpc64le-gnu'
284 silly reify ]
285 verbose reify failed optional dependency /home/fullstack-user/frontend/node_modules/@rollup/rollup-linux-arm-musleabihf
286 silly reify mark deleted [
286 silly reify   '/home/fullstack-user/frontend/node_modules/@rollup/rollup-linux-arm-musleabihf'
286 silly reify ]
287 verbose reify failed optional dependency /home/fullstack-user/frontend/node_modules/@rollup/rollup-linux-arm-gnueabihf
288 silly reify mark deleted [
288 silly reify   '/home/fullstack-user/frontend/node_modules/@rollup/rollup-linux-arm-gnueabihf'
288 silly reify ]
289 verbose reify failed optional dependency /home/fullstack-user/frontend/node_modules/@rollup/rollup-darwin-x64
290 silly reify mark deleted [
290 silly reify   '/home/fullstack-user/frontend/node_modules/@rollup/rollup-darwin-x64'
290 silly reify ]
291 verbose reify failed optional dependency /home/fullstack-user/frontend/node_modules/@rollup/rollup-darwin-arm64
292 silly reify mark deleted [
292 silly reify   '/home/fullstack-user/frontend/node_modules/@rollup/rollup-darwin-arm64'
292 silly reify ]
293 verbose reify failed optional dependency /home/fullstack-user/frontend/node_modules/@rollup/rollup-android-arm64
294 silly reify mark deleted [
294 silly reify   '/home/fullstack-user/frontend/node_modules/@rollup/rollup-android-arm64'
294 silly reify ]
295 verbose reify failed optional dependency /home/fullstack-user/frontend/node_modules/@rollup/rollup-android-arm-eabi
296 silly reify mark deleted [
296 silly reify   '/home/fullstack-user/frontend/node_modules/@rollup/rollup-android-arm-eabi'
296 silly reify ]
297 verbose reify failed optional dependency /home/fullstack-user/frontend/node_modules/@esbuild/win32-x64
298 silly reify mark deleted [ '/home/fullstack-user/frontend/node_modules/@esbuild/win32-x64' ]
299 verbose reify failed optional dependency /home/fullstack-user/frontend/node_modules/@esbuild/win32-ia32
300 silly reify mark deleted [ '/home/fullstack-user/frontend/node_modules/@esbuild/win32-ia32' ]
301 verbose reify failed optional dependency /home/fullstack-user/frontend/node_modules/@esbuild/win32-arm64
302 silly reify mark deleted [ '/home/fullstack-user/frontend/node_modules/@esbuild/win32-arm64' ]
303 verbose reify failed optional dependency /home/fullstack-user/frontend/node_modules/@esbuild/sunos-x64
304 silly reify mark deleted [ '/home/fullstack-user/frontend/node_modules/@esbuild/sunos-x64' ]
305 verbose reify failed optional dependency /home/fullstack-user/frontend/node_modules/@esbuild/openbsd-x64
306 silly reify mark deleted [ '/home/fullstack-user/frontend/node_modules/@esbuild/openbsd-x64' ]
307 verbose reify failed optional dependency /home/fullstack-user/frontend/node_modules/@esbuild/netbsd-x64
308 silly reify mark deleted [ '/home/fullstack-user/frontend/node_modules/@esbuild/netbsd-x64' ]
309 verbose reify failed optional dependency /home/fullstack-user/frontend/node_modules/@esbuild/linux-x64
310 silly reify mark deleted [ '/home/fullstack-user/frontend/node_modules/@esbuild/linux-x64' ]
311 verbose reify failed optional dependency /home/fullstack-user/frontend/node_modules/@esbuild/linux-s390x
312 silly reify mark deleted [ '/home/fullstack-user/frontend/node_modules/@esbuild/linux-s390x' ]
313 verbose reify failed optional dependency /home/fullstack-user/frontend/node_modules/@esbuild/linux-riscv64
314 silly reify mark deleted [ '/home/fullstack-user/frontend/node_modules/@esbuild/linux-riscv64' ]
315 verbose reify failed optional dependency /home/fullstack-user/frontend/node_modules/@esbuild/linux-ppc64
316 silly reify mark deleted [ '/home/fullstack-user/frontend/node_modules/@esbuild/linux-ppc64' ]
317 verbose reify failed optional dependency /home/fullstack-user/frontend/node_modules/@esbuild/linux-mips64el
318 silly reify mark deleted [
318 silly reify   '/home/fullstack-user/frontend/node_modules/@esbuild/linux-mips64el'
318 silly reify ]
319 verbose reify failed optional dependency /home/fullstack-user/frontend/node_modules/@esbuild/linux-loong64
320 silly reify mark deleted [ '/home/fullstack-user/frontend/node_modules/@esbuild/linux-loong64' ]
321 verbose reify failed optional dependency /home/fullstack-user/frontend/node_modules/@esbuild/linux-ia32
322 silly reify mark deleted [ '/home/fullstack-user/frontend/node_modules/@esbuild/linux-ia32' ]
323 verbose reify failed optional dependency /home/fullstack-user/frontend/node_modules/@esbuild/linux-arm
324 silly reify mark deleted [ '/home/fullstack-user/frontend/node_modules/@esbuild/linux-arm' ]
325 verbose reify failed optional dependency /home/fullstack-user/frontend/node_modules/@esbuild/freebsd-x64
326 silly reify mark deleted [ '/home/fullstack-user/frontend/node_modules/@esbuild/freebsd-x64' ]
327 verbose reify failed optional dependency /home/fullstack-user/frontend/node_modules/@esbuild/freebsd-arm64
328 silly reify mark deleted [ '/home/fullstack-user/frontend/node_modules/@esbuild/freebsd-arm64' ]
329 verbose reify failed optional dependency /home/fullstack-user/frontend/node_modules/@esbuild/darwin-x64
330 silly reify mark deleted [ '/home/fullstack-user/frontend/node_modules/@esbuild/darwin-x64' ]
331 verbose reify failed optional dependency /home/fullstack-user/frontend/node_modules/@esbuild/darwin-arm64
332 silly reify mark deleted [ '/home/fullstack-user/frontend/node_modules/@esbuild/darwin-arm64' ]
333 verbose reify failed optional dependency /home/fullstack-user/frontend/node_modules/@esbuild/android-x64
334 silly reify mark deleted [ '/home/fullstack-user/frontend/node_modules/@esbuild/android-x64' ]
335 verbose reify failed optional dependency /home/fullstack-user/frontend/node_modules/@esbuild/android-arm64
336 silly reify mark deleted [ '/home/fullstack-user/frontend/node_modules/@esbuild/android-arm64' ]
337 verbose reify failed optional dependency /home/fullstack-user/frontend/node_modules/@esbuild/android-arm
338 silly reify mark deleted [ '/home/fullstack-user/frontend/node_modules/@esbuild/android-arm' ]
339 verbose reify failed optional dependency /home/fullstack-user/frontend/node_modules/@esbuild/aix-ppc64
340 silly reify mark deleted [ '/home/fullstack-user/frontend/node_modules/@esbuild/aix-ppc64' ]
341 silly tarball no local data for ws@https://registry.npmjs.org/ws/-/ws-8.18.0.tgz. Extracting by manifest.
342 silly tarball no local data for xmlchars@https://registry.npmjs.org/xmlchars/-/xmlchars-2.2.0.tgz. Extracting by manifest.
343 silly tarball no local data for xml-name-validator@https://registry.npmjs.org/xml-name-validator/-/xml-name-validator-5.0.0.tgz. Extracting by manifest.
344 silly tarball no local data for whatwg-mimetype@https://registry.npmjs.org/whatwg-mimetype/-/whatwg-mimetype-4.0.0.tgz. Extracting by manifest.
345 silly tarball no local data for universalify@https://registry.npmjs.org/universalify/-/universalify-0.2.0.tgz. Extracting by manifest.
346 silly tarball no local data for whatwg-encoding@https://registry.npmjs.org/whatwg-encoding/-/whatwg-encoding-3.1.1.tgz. Extracting by manifest.
347 silly tarball no local data for tr46@https://registry.npmjs.org/tr46/-/tr46-5.0.0.tgz. Extracting by manifest.
348 silly tarball no local data for webidl-conversions@https://registry.npmjs.org/webidl-conversions/-/webidl-conversions-7.0.0.tgz. Extracting by manifest.
349 silly tarball no local data for tough-cookie@https://registry.npmjs.org/tough-cookie/-/tough-cookie-4.1.4.tgz. Extracting by manifest.
350 silly tarball no local data for symbol-tree@https://registry.npmjs.org/symbol-tree/-/symbol-tree-3.2.4.tgz. Extracting by manifest.
351 silly tarball no local data for saxes@https://registry.npmjs.org/saxes/-/saxes-6.0.0.tgz. Extracting by manifest.
352 silly tarball no local data for safer-buffer@https://registry.npmjs.org/safer-buffer/-/safer-buffer-2.1.2.tgz. Extracting by manifest.
353 silly tarball no local data for querystringify@https://registry.npmjs.org/querystringify/-/querystringify-2.2.0.tgz. Extracting by manifest.
354 silly tarball no local data for requires-port@https://registry.npmjs.org/requires-port/-/requires-port-1.0.0.tgz. Extracting by manifest.
355 silly tarball no local data for rrweb-cssom@https://registry.npmjs.org/rrweb-cssom/-/rrweb-cssom-0.6.0.tgz. Extracting by manifest.
356 silly tarball no local data for parse5@https://registry.npmjs.org/parse5/-/parse5-7.2.0.tgz. Extracting by manifest.
357 silly tarball no local data for psl@https://registry.npmjs.org/psl/-/psl-1.9.0.tgz. Extracting by manifest.
358 silly tarball no local data for mime-types@https://registry.npmjs.org/mime-types/-/mime-types-2.1.35.tgz. Extracting by manifest.
359 silly tarball no local data for nwsapi@https://registry.npmjs.org/nwsapi/-/nwsapi-2.2.13.tgz. Extracting by manifest.
360 silly tarball no local data for jsdom@https://registry.npmjs.org/jsdom/-/jsdom-23.0.0.tgz. Extracting by manifest.
361 silly tarball no local data for mime-db@https://registry.npmjs.org/mime-db/-/mime-db-1.52.0.tgz. Extracting by manifest.
362 silly tarball no local data for is-potential-custom-element-name@https://registry.npmjs.org/is-potential-custom-element-name/-/is-potential-custom-element-name-1.0.1.tgz. Extracting by manifest.
363 silly tarball no local data for iconv-lite@https://registry.npmjs.org/iconv-lite/-/iconv-lite-0.6.3.tgz. Extracting by manifest.
364 silly tarball no local data for http-proxy-agent@https://registry.npmjs.org/http-proxy-agent/-/http-proxy-agent-7.0.2.tgz. Extracting by manifest.
365 silly tarball no local data for html-encoding-sniffer@https://registry.npmjs.org/html-encoding-sniffer/-/html-encoding-sniffer-4.0.0.tgz. Extracting by manifest.
366 silly tarball no local data for https-proxy-agent@https://registry.npmjs.org/https-proxy-agent/-/https-proxy-agent-7.0.5.tgz. Extracting by manifest.
367 silly tarball no local data for form-data@https://registry.npmjs.org/form-data/-/form-data-4.0.1.tgz. Extracting by manifest.
368 silly tarball no local data for entities@https://registry.npmjs.org/entities/-/entities-4.5.0.tgz. Extracting by manifest.
369 silly tarball no local data for delayed-stream@https://registry.npmjs.org/delayed-stream/-/delayed-stream-1.0.0.tgz. Extracting by manifest.
370 silly tarball no local data for data-urls@https://registry.npmjs.org/data-urls/-/data-urls-5.0.0.tgz. Extracting by manifest.
371 silly tarball no local data for cssstyle@https://registry.npmjs.org/cssstyle/-/cssstyle-3.0.0.tgz. Extracting by manifest.
372 silly tarball no local data for combined-stream@https://registry.npmjs.org/combined-stream/-/combined-stream-1.0.8.tgz. Extracting by manifest.
373 silly tarball no local data for blockly@https://registry.npmjs.org/blockly/-/blockly-11.1.1.tgz. Extracting by manifest.
374 silly tarball no local data for decimal.js@https://registry.npmjs.org/decimal.js/-/decimal.js-10.4.3.tgz. Extracting by manifest.
375 silly tarball no local data for asynckit@https://registry.npmjs.org/asynckit/-/asynckit-0.4.0.tgz. Extracting by manifest.
376 silly tarball no local data for agent-base@https://registry.npmjs.org/agent-base/-/agent-base-7.1.1.tgz. Extracting by manifest.
377 silly tarball no local data for whatwg-url@https://registry.npmjs.org/whatwg-url/-/whatwg-url-14.0.0.tgz. Extracting by manifest.
378 silly tarball no local data for url-parse@https://registry.npmjs.org/url-parse/-/url-parse-1.5.10.tgz. Extracting by manifest.
379 silly tarball no local data for w3c-xmlserializer@https://registry.npmjs.org/w3c-xmlserializer/-/w3c-xmlserializer-5.0.0.tgz. Extracting by manifest.
380 http fetch GET 200 https://registry.npmjs.org/whatwg-encoding/-/whatwg-encoding-3.1.1.tgz 64ms (cache miss)
381 http fetch GET 200 https://registry.npmjs.org/symbol-tree/-/symbol-tree-3.2.4.tgz 66ms (cache miss)
382 http fetch GET 200 https://registry.npmjs.org/xml-name-validator/-/xml-name-validator-5.0.0.tgz 68ms (cache miss)
383 http fetch GET 200 https://registry.npmjs.org/universalify/-/universalify-0.2.0.tgz 67ms (cache miss)
384 http fetch GET 200 https://registry.npmjs.org/webidl-conversions/-/webidl-conversions-7.0.0.tgz 68ms (cache miss)
385 http fetch GET 200 https://registry.npmjs.org/xmlchars/-/xmlchars-2.2.0.tgz 83ms (cache miss)
386 http fetch GET 200 https://registry.npmjs.org/tough-cookie/-/tough-cookie-4.1.4.tgz 81ms (cache miss)
387 http fetch GET 200 https://registry.npmjs.org/tr46/-/tr46-5.0.0.tgz 85ms (cache miss)
388 http fetch POST 200 https://registry.npmjs.org/-/npm/v1/security/advisories/bulk 553ms
389 silly audit report {}
390 http fetch GET 200 https://registry.npmjs.org/ws/-/ws-8.18.0.tgz 99ms (cache miss)
391 http fetch GET 200 https://registry.npmjs.org/whatwg-mimetype/-/whatwg-mimetype-4.0.0.tgz 102ms (cache miss)
392 http fetch GET 200 https://registry.npmjs.org/mime-types/-/mime-types-2.1.35.tgz 103ms (cache miss)
393 http fetch GET 200 https://registry.npmjs.org/requires-port/-/requires-port-1.0.0.tgz 106ms (cache miss)
394 http fetch GET 200 https://registry.npmjs.org/nwsapi/-/nwsapi-2.2.13.tgz 108ms (cache miss)
395 http fetch GET 200 https://registry.npmjs.org/querystringify/-/querystringify-2.2.0.tgz 116ms (cache miss)
396 http fetch GET 200 https://registry.npmjs.org/rrweb-cssom/-/rrweb-cssom-0.6.0.tgz 115ms (cache miss)
397 http fetch GET 200 https://registry.npmjs.org/is-potential-custom-element-name/-/is-potential-custom-element-name-1.0.1.tgz 116ms (cache miss)
398 http fetch GET 200 https://registry.npmjs.org/saxes/-/saxes-6.0.0.tgz 126ms (cache miss)
399 http fetch GET 200 https://registry.npmjs.org/mime-db/-/mime-db-1.52.0.tgz 126ms (cache miss)
400 http fetch GET 200 https://registry.npmjs.org/safer-buffer/-/safer-buffer-2.1.2.tgz 129ms (cache miss)
401 http fetch GET 200 https://registry.npmjs.org/html-encoding-sniffer/-/html-encoding-sniffer-4.0.0.tgz 129ms (cache miss)
402 http fetch GET 200 https://registry.npmjs.org/http-proxy-agent/-/http-proxy-agent-7.0.2.tgz 130ms (cache miss)
403 http fetch GET 200 https://registry.npmjs.org/delayed-stream/-/delayed-stream-1.0.0.tgz 136ms (cache miss)
404 http fetch GET 200 https://registry.npmjs.org/https-proxy-agent/-/https-proxy-agent-7.0.5.tgz 146ms (cache miss)
405 http fetch GET 200 https://registry.npmjs.org/psl/-/psl-1.9.0.tgz 148ms (cache miss)
406 http fetch GET 200 https://registry.npmjs.org/combined-stream/-/combined-stream-1.0.8.tgz 150ms (cache miss)
407 http fetch GET 200 https://registry.npmjs.org/data-urls/-/data-urls-5.0.0.tgz 163ms (cache miss)
408 http fetch GET 200 https://registry.npmjs.org/w3c-xmlserializer/-/w3c-xmlserializer-5.0.0.tgz 163ms (cache miss)
409 http fetch GET 200 https://registry.npmjs.org/agent-base/-/agent-base-7.1.1.tgz 169ms (cache miss)
410 http fetch GET 200 https://registry.npmjs.org/decimal.js/-/decimal.js-10.4.3.tgz 173ms (cache miss)
411 http fetch GET 200 https://registry.npmjs.org/form-data/-/form-data-4.0.1.tgz 176ms (cache miss)
412 http fetch GET 200 https://registry.npmjs.org/asynckit/-/asynckit-0.4.0.tgz 177ms (cache miss)
413 http fetch GET 200 https://registry.npmjs.org/url-parse/-/url-parse-1.5.10.tgz 173ms (cache miss)
414 http fetch GET 200 https://registry.npmjs.org/whatwg-url/-/whatwg-url-14.0.0.tgz 174ms (cache miss)
415 http fetch GET 200 https://registry.npmjs.org/iconv-lite/-/iconv-lite-0.6.3.tgz 196ms (cache miss)
416 http fetch GET 200 https://registry.npmjs.org/entities/-/entities-4.5.0.tgz 221ms (cache miss)
417 http fetch GET 200 https://registry.npmjs.org/parse5/-/parse5-7.2.0.tgz 228ms (cache miss)
418 http fetch GET 200 https://registry.npmjs.org/cssstyle/-/cssstyle-3.0.0.tgz 229ms (cache miss)
419 http fetch GET 200 https://registry.npmjs.org/jsdom/-/jsdom-23.0.0.tgz 397ms (cache miss)
420 http fetch GET 200 https://registry.npmjs.org/blockly/-/blockly-11.1.1.tgz 566ms (cache miss)
421 silly ADD
422 silly ADD
423 silly ADD
424 silly ADD
425 silly ADD
426 silly ADD
427 silly ADD
428 silly ADD
429 silly ADD
430 silly ADD
431 silly ADD
432 silly ADD
433 silly ADD
434 silly ADD
435 silly ADD
436 silly ADD
437 silly ADD
438 silly ADD
439 silly ADD
440 silly ADD
441 silly ADD
442 silly ADD
443 silly ADD
444 silly ADD
445 silly ADD
446 silly ADD
447 silly ADD
448 silly ADD
449 silly ADD
450 silly ADD
451 silly ADD
452 silly ADD
453 silly ADD
454 silly ADD
455 silly ADD
456 silly ADD
457 silly ADD
458 silly CHANGE node_modules/ws
459 silly CHANGE node_modules/xmlchars
460 silly CHANGE node_modules/xml-name-validator
461 silly CHANGE node_modules/whatwg-mimetype
462 silly CHANGE node_modules/whatwg-encoding
463 silly CHANGE node_modules/whatwg-url
464 silly CHANGE node_modules/webidl-conversions
465 silly CHANGE node_modules/url-parse
466 silly CHANGE node_modules/w3c-xmlserializer
467 silly CHANGE node_modules/universalify
468 silly CHANGE node_modules/tr46
469 silly CHANGE node_modules/tough-cookie
470 silly CHANGE node_modules/symbol-tree
471 silly CHANGE node_modules/saxes
472 silly CHANGE node_modules/safer-buffer
473 silly CHANGE node_modules/rrweb-cssom
474 silly CHANGE node_modules/requires-port
475 silly CHANGE node_modules/querystringify
476 silly CHANGE node_modules/psl
477 silly CHANGE node_modules/parse5
478 silly CHANGE node_modules/nwsapi
479 silly CHANGE node_modules/mime-types
480 silly CHANGE node_modules/mime-db
481 silly CHANGE node_modules/jsdom
482 silly CHANGE node_modules/is-potential-custom-element-name
483 silly CHANGE node_modules/iconv-lite
484 silly CHANGE node_modules/http-proxy-agent
485 silly CHANGE node_modules/html-encoding-sniffer
486 silly CHANGE node_modules/https-proxy-agent
487 silly CHANGE node_modules/form-data
488 silly CHANGE node_modules/entities
489 silly CHANGE node_modules/delayed-stream
490 silly CHANGE node_modules/data-urls
491 silly CHANGE node_modules/decimal.js
492 silly CHANGE node_modules/cssstyle
493 silly CHANGE node_modules/combined-stream
494 silly CHANGE node_modules/blockly
495 silly CHANGE node_modules/asynckit
496 silly CHANGE node_modules/agent-base
497 verbose cwd /home/fullstack-user/frontend
498 verbose os Linux 6.10.4-linuxkit
499 verbose node v22.10.0
500 verbose npm  v10.9.0
501 verbose exit 0
502 info ok
