0 verbose cli /usr/bin/node /usr/bin/npm
1 info using npm@10.9.0
2 info using node@v22.10.0
3 silly config load:file:/usr/lib/node_modules/npm/npmrc
4 silly config load:file:/home/fullstack-user/.npmrc
5 silly config load:file:/usr/etc/npmrc
6 verbose title npm install blocklycd
7 verbose argv "install" "blocklycd"
8 verbose logfile logs-max:10 dir:/home/fullstack-user/.npm/_logs/2024-10-27T18_42_04_873Z-
9 verbose logfile /home/fullstack-user/.npm/_logs/2024-10-27T18_42_04_873Z-debug-0.log
10 silly logfile start cleaning logs, removing 2 files
11 silly packumentCache heap:2197815296 maxSize:549453824 maxEntrySize:274726912
12 silly logfile done cleaning log files
13 silly idealTree buildDeps
14 silly fetch manifest blocklycd@*
15 silly packumentCache full:https://registry.npmjs.org/blocklycd cache-miss
16 http fetch GET 200 https://registry.npmjs.org/npm 310ms
17 http fetch GET 404 https://registry.npmjs.org/blocklycd 556ms (cache skip)
18 silly placeDep ROOT blocklycd@ OK for:  want: *
19 verbose stack HttpErrorGeneral: 404 Not Found - GET https://registry.npmjs.org/blocklycd - Not found
19 verbose stack     at /usr/lib/node_modules/npm/node_modules/npm-registry-fetch/lib/check-response.js:95:15
19 verbose stack     at process.processTicksAndRejections (node:internal/process/task_queues:105:5)
19 verbose stack     at async RegistryFetcher.packument (/usr/lib/node_modules/npm/node_modules/pacote/lib/registry.js:90:19)
19 verbose stack     at async RegistryFetcher.manifest (/usr/lib/node_modules/npm/node_modules/pacote/lib/registry.js:128:23)
19 verbose stack     at async #fetchManifest (/usr/lib/node_modules/npm/node_modules/@npmcli/arborist/lib/arborist/build-ideal-tree.js:1202:20)
19 verbose stack     at async #nodeFromEdge (/usr/lib/node_modules/npm/node_modules/@npmcli/arborist/lib/arborist/build-ideal-tree.js:1040:19)
19 verbose stack     at async #buildDepStep (/usr/lib/node_modules/npm/node_modules/@npmcli/arborist/lib/arborist/build-ideal-tree.js:904:11)
19 verbose stack     at async Arborist.buildIdealTree (/usr/lib/node_modules/npm/node_modules/@npmcli/arborist/lib/arborist/build-ideal-tree.js:181:7)
19 verbose stack     at async Promise.all (index 1)
19 verbose stack     at async Arborist.reify (/usr/lib/node_modules/npm/node_modules/@npmcli/arborist/lib/arborist/reify.js:131:5)
20 verbose statusCode 404
21 verbose pkgid blocklycd@*
22 error code E404
23 error 404 Not Found - GET https://registry.npmjs.org/blocklycd - Not found
24 error 404
25 error 404  'blocklycd@*' is not in this registry.
26 error 404
27 error 404 Note that you can also install from a
28 error 404 tarball, folder, http url, or git url.
29 silly unfinished npm timer reify 1730054524997
30 silly unfinished npm timer reify:loadTrees 1730054525020
31 verbose cwd /home/fullstack-user
32 verbose os Linux 6.10.4-linuxkit
33 verbose node v22.10.0
34 verbose npm  v10.9.0
35 verbose exit 1
36 verbose code 1
37 error A complete log of this run can be found in: /home/fullstack-user/.npm/_logs/2024-10-27T18_42_04_873Z-debug-0.log
