0 verbose cli /usr/bin/node /usr/bin/npm
1 info using npm@10.9.0
2 info using node@v22.10.0
3 silly config load:file:/usr/lib/node_modules/npm/npmrc
4 silly config load:file:/home/fullstack-user/backend/.npmrc
5 silly config load:file:/home/fullstack-user/.npmrc
6 silly config load:file:/usr/etc/npmrc
7 verbose title npm run dev
8 verbose argv "run" "dev"
9 verbose logfile logs-max:10 dir:/home/fullstack-user/.npm/_logs/2024-10-27T18_44_28_350Z-
10 verbose logfile /home/fullstack-user/.npm/_logs/2024-10-27T18_44_28_350Z-debug-0.log
11 verbose stack Error: Could not read package.json: Error: ENOENT: no such file or directory, open '/home/fullstack-user/backend/package.json'
11 verbose stack     at async open (node:internal/fs/promises:638:25)
11 verbose stack     at async readFile (node:internal/fs/promises:1238:14)
11 verbose stack     at async read (/usr/lib/node_modules/npm/node_modules/@npmcli/package-json/lib/read-package.js:9:18)
11 verbose stack     at async PackageJson.load (/usr/lib/node_modules/npm/node_modules/@npmcli/package-json/lib/index.js:130:31)
11 verbose stack     at async PackageJson.normalize (/usr/lib/node_modules/npm/node_modules/@npmcli/package-json/lib/index.js:116:5)
11 verbose stack     at async #run (/usr/lib/node_modules/npm/lib/commands/run-script.js:86:13)
11 verbose stack     at async RunScript.exec (/usr/lib/node_modules/npm/lib/commands/run-script.js:40:7)
11 verbose stack     at async Npm.exec (/usr/lib/node_modules/npm/lib/npm.js:207:9)
11 verbose stack     at async module.exports (/usr/lib/node_modules/npm/lib/cli/entry.js:74:5)
12 error code ENOENT
13 error syscall open
14 error path /home/fullstack-user/backend/package.json
15 error errno -2
16 error enoent Could not read package.json: Error: ENOENT: no such file or directory, open '/home/fullstack-user/backend/package.json'
17 error enoent This is related to npm not being able to find a file.
17 error enoent
18 verbose cwd /home/fullstack-user/backend
19 verbose os Linux 6.10.4-linuxkit
20 verbose node v22.10.0
21 verbose npm  v10.9.0
22 verbose exit -2
23 verbose code -2
24 error A complete log of this run can be found in: /home/fullstack-user/.npm/_logs/2024-10-27T18_44_28_350Z-debug-0.log
