0 verbose cli /usr/bin/node /usr/bin/npm
1 info using npm@10.8.3
2 info using node@v22.9.0
3 silly config load:file:/usr/lib/node_modules/npm/npmrc
4 silly config load:file:/home/fullstack-user/frontend/.npmrc
5 silly config load:file:/home/fullstack-user/.npmrc
6 silly config load:file:/usr/etc/npmrc
7 verbose title npm install vite
8 verbose argv "install" "vite"
9 verbose logfile logs-max:10 dir:/home/fullstack-user/.npm/_logs/2024-10-18T03_27_17_386Z-
10 verbose logfile /home/fullstack-user/.npm/_logs/2024-10-18T03_27_17_386Z-debug-0.log
11 silly packumentCache heap:2107375616 maxSize:526843904 maxEntrySize:263421952
12 silly logfile done cleaning log files
13 silly idealTree buildDeps
14 silly fetch manifest vite@^5.4.9
15 silly packumentCache full:https://registry.npmjs.org/vite cache-miss
16 http fetch GET 200 https://registry.npmjs.org/vite 242ms (cache revalidated)
17 silly packumentCache full:https://registry.npmjs.org/vite set size:38024330 disposed:false
18 silly fetch manifest @types/node@^20.14.2
19 silly packumentCache full:https://registry.npmjs.org/@types%2fnode cache-miss
20 http fetch GET 200 https://registry.npmjs.org/@types%2fnode 68ms (cache revalidated)
21 silly packumentCache full:https://registry.npmjs.org/@types%2fnode set size:9202530 disposed:false
22 silly fetch manifest less@*
23 silly packumentCache full:https://registry.npmjs.org/less cache-miss
24 http fetch GET 200 https://registry.npmjs.org/less 38ms (cache revalidated)
25 silly packumentCache full:https://registry.npmjs.org/less set size:437766 disposed:false
26 silly fetch manifest lightningcss@^1.21.0
27 silly packumentCache full:https://registry.npmjs.org/lightningcss cache-miss
28 http fetch GET 200 https://registry.npmjs.org/lightningcss 36ms (cache revalidated)
29 silly packumentCache full:https://registry.npmjs.org/lightningcss set size:130977 disposed:false
30 silly fetch manifest sass@*
31 silly packumentCache full:https://registry.npmjs.org/sass cache-miss
32 http fetch GET 200 https://registry.npmjs.org/sass 38ms (cache revalidated)
33 silly packumentCache full:https://registry.npmjs.org/sass set size:636580 disposed:false
34 silly fetch manifest sass-embedded@*
35 silly packumentCache full:https://registry.npmjs.org/sass-embedded cache-miss
36 http fetch GET 200 https://registry.npmjs.org/sass-embedded 38ms (cache revalidated)
37 silly packumentCache full:https://registry.npmjs.org/sass-embedded set size:261679 disposed:false
38 silly fetch manifest stylus@*
39 silly packumentCache full:https://registry.npmjs.org/stylus cache-miss
40 http fetch GET 200 https://registry.npmjs.org/stylus 37ms (cache revalidated)
41 silly packumentCache full:https://registry.npmjs.org/stylus set size:294182 disposed:false
42 silly fetch manifest sugarss@*
43 silly packumentCache full:https://registry.npmjs.org/sugarss cache-miss
44 http fetch GET 200 https://registry.npmjs.org/sugarss 51ms (cache revalidated)
45 silly packumentCache full:https://registry.npmjs.org/sugarss set size:48015 disposed:false
46 silly fetch manifest postcss@^8.4.38
47 silly packumentCache full:https://registry.npmjs.org/postcss cache-miss
48 http fetch GET 200 https://registry.npmjs.org/postcss 57ms (cache revalidated)
49 silly packumentCache full:https://registry.npmjs.org/postcss set size:669232 disposed:false
50 silly fetch manifest terser@^5.4.0
51 silly packumentCache full:https://registry.npmjs.org/terser cache-miss
52 http fetch GET 200 https://registry.npmjs.org/terser 39ms (cache revalidated)
53 silly packumentCache full:https://registry.npmjs.org/terser set size:734683 disposed:false
54 silly placeDep ROOT vite@5.4.9 REPLACE for: frontend@0.0.0 want: ^5.4.9
55 silly reify moves {}
56 silly audit bulk request {
56 silly audit   '@alloc/quick-lru': [ '5.2.0' ],
56 silly audit   '@ampproject/remapping': [ '2.3.0' ],
56 silly audit   '@babel/code-frame': [ '7.24.7' ],
56 silly audit   '@babel/compat-data': [ '7.24.7' ],
56 silly audit   '@babel/core': [ '7.24.7' ],
56 silly audit   semver: [ '6.3.1', '7.6.2' ],
56 silly audit   '@babel/generator': [ '7.24.7' ],
56 silly audit   '@babel/helper-compilation-targets': [ '7.24.7' ],
56 silly audit   '@babel/helper-environment-visitor': [ '7.24.7' ],
56 silly audit   '@babel/helper-function-name': [ '7.24.7' ],
56 silly audit   '@babel/helper-hoist-variables': [ '7.24.7' ],
56 silly audit   '@babel/helper-module-imports': [ '7.24.7' ],
56 silly audit   '@babel/helper-module-transforms': [ '7.24.7' ],
56 silly audit   '@babel/helper-plugin-utils': [ '7.24.7' ],
56 silly audit   '@babel/helper-simple-access': [ '7.24.7' ],
56 silly audit   '@babel/helper-split-export-declaration': [ '7.24.7' ],
56 silly audit   '@babel/helper-string-parser': [ '7.24.7' ],
56 silly audit   '@babel/helper-validator-identifier': [ '7.24.7' ],
56 silly audit   '@babel/helper-validator-option': [ '7.24.7' ],
56 silly audit   '@babel/helpers': [ '7.24.7' ],
56 silly audit   '@babel/highlight': [ '7.24.7' ],
56 silly audit   '@babel/parser': [ '7.24.7' ],
56 silly audit   '@babel/plugin-transform-react-jsx-self': [ '7.24.7' ],
56 silly audit   '@babel/plugin-transform-react-jsx-source': [ '7.24.7' ],
56 silly audit   '@babel/template': [ '7.24.7' ],
56 silly audit   '@babel/traverse': [ '7.24.7' ],
56 silly audit   '@babel/types': [ '7.24.7' ],
56 silly audit   '@esbuild/aix-ppc64': [ '0.21.5' ],
56 silly audit   '@esbuild/android-arm': [ '0.21.5' ],
56 silly audit   '@esbuild/android-arm64': [ '0.21.5' ],
56 silly audit   '@esbuild/android-x64': [ '0.21.5' ],
56 silly audit   '@esbuild/darwin-arm64': [ '0.21.5' ],
56 silly audit   '@esbuild/darwin-x64': [ '0.21.5' ],
56 silly audit   '@esbuild/freebsd-arm64': [ '0.21.5' ],
56 silly audit   '@esbuild/freebsd-x64': [ '0.21.5' ],
56 silly audit   '@esbuild/linux-arm': [ '0.21.5' ],
56 silly audit   '@esbuild/linux-arm64': [ '0.21.5' ],
56 silly audit   '@esbuild/linux-ia32': [ '0.21.5' ],
56 silly audit   '@esbuild/linux-loong64': [ '0.21.5' ],
56 silly audit   '@esbuild/linux-mips64el': [ '0.21.5' ],
56 silly audit   '@esbuild/linux-ppc64': [ '0.21.5' ],
56 silly audit   '@esbuild/linux-riscv64': [ '0.21.5' ],
56 silly audit   '@esbuild/linux-s390x': [ '0.21.5' ],
56 silly audit   '@esbuild/linux-x64': [ '0.21.5' ],
56 silly audit   '@esbuild/netbsd-x64': [ '0.21.5' ],
56 silly audit   '@esbuild/openbsd-x64': [ '0.21.5' ],
56 silly audit   '@esbuild/sunos-x64': [ '0.21.5' ],
56 silly audit   '@esbuild/win32-arm64': [ '0.21.5' ],
56 silly audit   '@esbuild/win32-ia32': [ '0.21.5' ],
56 silly audit   '@esbuild/win32-x64': [ '0.21.5' ],
56 silly audit   '@eslint-community/eslint-utils': [ '4.4.0' ],
56 silly audit   '@eslint-community/regexpp': [ '4.10.1' ],
56 silly audit   '@eslint/eslintrc': [ '2.1.4' ],
56 silly audit   'brace-expansion': [ '1.1.11', '2.0.1' ],
56 silly audit   globals: [ '13.24.0', '11.12.0' ],
56 silly audit   minimatch: [ '3.1.2', '9.0.4' ],
56 silly audit   '@eslint/js': [ '8.57.0' ],
56 silly audit   '@floating-ui/core': [ '1.6.8' ],
56 silly audit   '@floating-ui/dom': [ '1.6.11' ],
56 silly audit   '@floating-ui/react-dom': [ '2.1.2' ],
56 silly audit   '@floating-ui/utils': [ '0.2.8' ],
56 silly audit   '@humanwhocodes/config-array': [ '0.11.14' ],
56 silly audit   '@humanwhocodes/module-importer': [ '1.0.1' ],
56 silly audit   '@humanwhocodes/object-schema': [ '2.0.3' ],
56 silly audit   '@isaacs/cliui': [ '8.0.2' ],
56 silly audit   'ansi-regex': [ '6.0.1', '5.0.1' ],
56 silly audit   'strip-ansi': [ '7.1.0', '6.0.1' ],
56 silly audit   '@jridgewell/gen-mapping': [ '0.3.5' ],
56 silly audit   '@jridgewell/resolve-uri': [ '3.1.2' ],
56 silly audit   '@jridgewell/set-array': [ '1.2.1' ],
56 silly audit   '@jridgewell/sourcemap-codec': [ '1.4.15' ],
56 silly audit   '@jridgewell/trace-mapping': [ '0.3.25' ],
56 silly audit   '@nodelib/fs.scandir': [ '2.1.5' ],
56 silly audit   '@nodelib/fs.stat': [ '2.0.5' ],
56 silly audit   '@nodelib/fs.walk': [ '1.2.8' ],
56 silly audit   '@pkgjs/parseargs': [ '0.11.0' ],
56 silly audit   '@radix-ui/primitive': [ '1.1.0' ],
56 silly audit   '@radix-ui/react-accordion': [ '1.2.1' ],
56 silly audit   '@radix-ui/react-arrow': [ '1.1.0' ],
56 silly audit   '@radix-ui/react-avatar': [ '1.1.1' ],
56 silly audit   '@radix-ui/react-collapsible': [ '1.1.1' ],
56 silly audit   '@radix-ui/react-collection': [ '1.1.0' ],
56 silly audit   '@radix-ui/react-context': [ '1.1.0', '1.1.1' ],
56 silly audit   '@radix-ui/react-compose-refs': [ '1.1.0' ],
56 silly audit   '@radix-ui/react-dialog': [ '1.1.2' ],
56 silly audit   '@radix-ui/react-direction': [ '1.1.0' ],
56 silly audit   '@radix-ui/react-dismissable-layer': [ '1.1.1' ],
56 silly audit   '@radix-ui/react-dropdown-menu': [ '2.1.2' ],
56 silly audit   '@radix-ui/react-focus-guards': [ '1.1.1' ],
56 silly audit   '@radix-ui/react-focus-scope': [ '1.1.0' ],
56 silly audit   '@radix-ui/react-icons': [ '1.3.0' ],
56 silly audit   '@radix-ui/react-id': [ '1.1.0' ],
56 silly audit   '@radix-ui/react-menu': [ '2.1.2' ],
56 silly audit   '@radix-ui/react-navigation-menu': [ '1.2.1' ],
56 silly audit   '@radix-ui/react-popper': [ '1.2.0' ],
56 silly audit   '@radix-ui/react-portal': [ '1.1.2' ],
56 silly audit   '@radix-ui/react-presence': [ '1.1.1' ],
56 silly audit   '@radix-ui/react-primitive': [ '2.0.0' ],
56 silly audit   '@radix-ui/react-roving-focus': [ '1.1.0' ],
56 silly audit   '@radix-ui/react-slot': [ '1.1.0' ],
56 silly audit   '@radix-ui/react-use-callback-ref': [ '1.1.0' ],
56 silly audit   '@radix-ui/react-use-controllable-state': [ '1.1.0' ],
56 silly audit   '@radix-ui/react-use-escape-keydown': [ '1.1.0' ],
56 silly audit   '@radix-ui/react-use-layout-effect': [ '1.1.0' ],
56 silly audit   '@radix-ui/react-use-previous': [ '1.1.0' ],
56 silly audit   '@radix-ui/react-use-rect': [ '1.1.0' ],
56 silly audit   '@radix-ui/react-use-size': [ '1.1.0' ],
56 silly audit   '@radix-ui/react-visually-hidden': [ '1.1.0' ],
56 silly audit   '@radix-ui/rect': [ '1.1.0' ],
56 silly audit   '@remix-run/router': [ '1.19.2' ],
56 silly audit   '@rollup/rollup-android-arm-eabi': [ '4.24.0' ],
56 silly audit   '@rollup/rollup-android-arm64': [ '4.24.0' ],
56 silly audit   '@rollup/rollup-darwin-arm64': [ '4.24.0' ],
56 silly audit   '@rollup/rollup-darwin-x64': [ '4.24.0' ],
56 silly audit   '@rollup/rollup-linux-arm-gnueabihf': [ '4.24.0' ],
56 silly audit   '@rollup/rollup-linux-arm-musleabihf': [ '4.24.0' ],
56 silly audit   '@rollup/rollup-linux-arm64-gnu': [ '4.24.0' ],
56 silly audit   '@rollup/rollup-linux-arm64-musl': [ '4.24.0' ],
56 silly audit   '@rollup/rollup-linux-powerpc64le-gnu': [ '4.24.0' ],
56 silly audit   '@rollup/rollup-linux-riscv64-gnu': [ '4.24.0' ],
56 silly audit   '@rollup/rollup-linux-s390x-gnu': [ '4.24.0' ],
56 silly audit   '@rollup/rollup-linux-x64-gnu': [ '4.24.0' ],
56 silly audit   '@rollup/rollup-linux-x64-musl': [ '4.24.0' ],
56 silly audit   '@rollup/rollup-win32-arm64-msvc': [ '4.24.0' ],
56 silly audit   '@rollup/rollup-win32-ia32-msvc': [ '4.24.0' ],
56 silly audit   '@rollup/rollup-win32-x64-msvc': [ '4.24.0' ],
56 silly audit   '@types/babel__core': [ '7.20.5' ],
56 silly audit   '@types/babel__generator': [ '7.6.8' ],
56 silly audit   '@types/babel__template': [ '7.4.4' ],
56 silly audit   '@types/babel__traverse': [ '7.20.6' ],
56 silly audit   '@types/estree': [ '1.0.6' ],
56 silly audit   '@types/node': [ '20.14.2' ],
56 silly audit   '@types/prop-types': [ '15.7.12' ],
56 silly audit   '@types/react': [ '18.3.3' ],
56 silly audit   '@types/react-dom': [ '18.3.0' ],
56 silly audit   '@typescript-eslint/eslint-plugin': [ '7.12.0' ],
56 silly audit   '@typescript-eslint/parser': [ '7.12.0' ],
56 silly audit   '@typescript-eslint/scope-manager': [ '7.12.0' ],
56 silly audit   '@typescript-eslint/type-utils': [ '7.12.0' ],
56 silly audit   '@typescript-eslint/types': [ '7.12.0' ],
56 silly audit   '@typescript-eslint/typescript-estree': [ '7.12.0' ],
56 silly audit   '@typescript-eslint/utils': [ '7.12.0' ],
56 silly audit   '@typescript-eslint/visitor-keys': [ '7.12.0' ],
56 silly audit   '@ungap/structured-clone': [ '1.2.0' ],
56 silly audit   '@vitejs/plugin-react': [ '4.3.0' ],
56 silly audit   acorn: [ '8.11.3' ],
56 silly audit   'acorn-jsx': [ '5.3.2' ],
56 silly audit   ajv: [ '6.12.6' ],
56 silly audit   'ansi-styles': [ '3.2.1', '4.3.0', '6.2.1' ],
56 silly audit   'any-promise': [ '1.3.0' ],
56 silly audit   anymatch: [ '3.1.3' ],
56 silly audit   arg: [ '5.0.2' ],
56 silly audit   argparse: [ '2.0.1' ],
56 silly audit   'aria-hidden': [ '1.2.4' ],
56 silly audit   'array-union': [ '2.1.0' ],
56 silly audit   autoprefixer: [ '10.4.19' ],
56 silly audit   'balanced-match': [ '1.0.2' ],
56 silly audit   'binary-extensions': [ '2.3.0' ],
56 silly audit   braces: [ '3.0.3' ],
56 silly audit   browserslist: [ '4.23.0' ],
56 silly audit   callsites: [ '3.1.0' ],
56 silly audit   'camelcase-css': [ '2.0.1' ],
56 silly audit   'caniuse-lite': [ '1.0.30001629' ],
56 silly audit   chalk: [ '2.4.2', '4.1.2' ],
56 silly audit   chokidar: [ '3.6.0' ],
56 silly audit   'glob-parent': [ '5.1.2', '6.0.2' ],
56 silly audit   'class-variance-authority': [ '0.7.0' ],
56 silly audit   clsx: [ '2.0.0', '2.1.1' ],
56 silly audit   'color-convert': [ '1.9.3', '2.0.1' ],
56 silly audit   'color-name': [ '1.1.3', '1.1.4' ],
56 silly audit   commander: [ '4.1.1' ],
56 silly audit   'concat-map': [ '0.0.1' ],
56 silly audit   'convert-source-map': [ '2.0.0' ],
56 silly audit   'cross-spawn': [ '7.0.3' ],
56 silly audit   cssesc: [ '3.0.0' ],
56 silly audit   csstype: [ '3.1.3' ],
56 silly audit   debug: [ '4.3.5' ],
56 silly audit   'deep-is': [ '0.1.4' ],
56 silly audit   'detect-node-es': [ '1.1.0' ],
56 silly audit   didyoumean: [ '1.2.2' ],
56 silly audit   'dir-glob': [ '3.0.1' ],
56 silly audit   dlv: [ '1.1.3' ],
56 silly audit   doctrine: [ '3.0.0' ],
56 silly audit   eastasianwidth: [ '0.2.0' ],
56 silly audit   'electron-to-chromium': [ '1.4.796' ],
56 silly audit   'emoji-regex': [ '9.2.2', '8.0.0' ],
56 silly audit   esbuild: [ '0.21.5' ],
56 silly audit   escalade: [ '3.1.2' ],
56 silly audit   'escape-string-regexp': [ '1.0.5', '4.0.0' ],
56 silly audit   eslint: [ '8.57.0' ],
56 silly audit   'eslint-plugin-react-hooks': [ '4.6.2' ],
56 silly audit   'eslint-plugin-react-refresh': [ '0.4.7' ],
56 silly audit   'eslint-scope': [ '7.2.2' ],
56 silly audit   'eslint-visitor-keys': [ '3.4.3' ],
56 silly audit   'has-flag': [ '4.0.0', '3.0.0' ],
56 silly audit   'supports-color': [ '7.2.0', '5.5.0' ],
56 silly audit   espree: [ '9.6.1' ],
56 silly audit   esquery: [ '1.5.0' ],
56 silly audit   esrecurse: [ '4.3.0' ],
56 silly audit   estraverse: [ '5.3.0' ],
56 silly audit   esutils: [ '2.0.3' ],
56 silly audit   'fast-deep-equal': [ '3.1.3' ],
56 silly audit   'fast-glob': [ '3.3.2' ],
56 silly audit   'fast-json-stable-stringify': [ '2.1.0' ],
56 silly audit   'fast-levenshtein': [ '2.0.6' ],
56 silly audit   fastq: [ '1.17.1' ],
56 silly audit   'file-entry-cache': [ '6.0.1' ],
56 silly audit   'fill-range': [ '7.1.1' ],
56 silly audit   'find-up': [ '5.0.0' ],
56 silly audit   'flat-cache': [ '3.2.0' ],
56 silly audit   flatted: [ '3.3.1' ],
56 silly audit   'foreground-child': [ '3.1.1' ],
56 silly audit   'fraction.js': [ '4.3.7' ],
56 silly audit   'fs.realpath': [ '1.0.0' ],
56 silly audit   fsevents: [ '2.3.3' ],
56 silly audit   'function-bind': [ '1.1.2' ],
56 silly audit   gensync: [ '1.0.0-beta.2' ],
56 silly audit   'get-nonce': [ '1.0.1' ],
56 silly audit   glob: [ '7.2.3', '10.4.1' ],
56 silly audit   globby: [ '11.1.0' ],
56 silly audit   graphemer: [ '1.4.0' ],
56 silly audit   hasown: [ '2.0.2' ],
56 silly audit   ignore: [ '5.3.1' ],
56 silly audit   'import-fresh': [ '3.3.0' ],
56 silly audit   imurmurhash: [ '0.1.4' ],
56 silly audit   inflight: [ '1.0.6' ],
56 silly audit   inherits: [ '2.0.4' ],
56 silly audit   invariant: [ '2.2.4' ],
56 silly audit   'is-binary-path': [ '2.1.0' ],
56 silly audit   'is-core-module': [ '2.13.1' ],
56 silly audit   'is-extglob': [ '2.1.1' ],
56 silly audit   'is-fullwidth-code-point': [ '3.0.0' ],
56 silly audit   'is-glob': [ '4.0.3' ],
56 silly audit   'is-number': [ '7.0.0' ],
56 silly audit   'is-path-inside': [ '3.0.3' ],
56 silly audit   isexe: [ '2.0.0' ],
56 silly audit   jackspeak: [ '3.4.0' ],
56 silly audit   jiti: [ '1.21.3' ],
56 silly audit   'js-tokens': [ '4.0.0' ],
56 silly audit   'js-yaml': [ '4.1.0' ],
56 silly audit   jsesc: [ '2.5.2' ],
56 silly audit   'json-buffer': [ '3.0.1' ],
56 silly audit   'json-schema-traverse': [ '0.4.1' ],
56 silly audit   'json-stable-stringify-without-jsonify': [ '1.0.1' ],
56 silly audit   json5: [ '2.2.3' ],
56 silly audit   keyv: [ '4.5.4' ],
56 silly audit   levn: [ '0.4.1' ],
56 silly audit   lilconfig: [ '2.1.0', '3.1.1' ],
56 silly audit   'lines-and-columns': [ '1.2.4' ],
56 silly audit   'locate-path': [ '6.0.0' ],
56 silly audit   'lodash.merge': [ '4.6.2' ],
56 silly audit   'loose-envify': [ '1.4.0' ],
56 silly audit   'lru-cache': [ '5.1.1', '10.2.2' ],
56 silly audit   'lucide-react': [ '0.424.0' ],
56 silly audit   merge2: [ '1.4.1' ],
56 silly audit   micromatch: [ '4.0.8' ],
56 silly audit   minipass: [ '7.1.2' ],
56 silly audit   ms: [ '2.1.2' ],
56 silly audit   mz: [ '2.7.0' ],
56 silly audit   nanoid: [ '3.3.7' ],
56 silly audit   'natural-compare': [ '1.4.0' ],
56 silly audit   'node-releases': [ '2.0.14' ],
56 silly audit   'normalize-path': [ '3.0.0' ],
56 silly audit   'normalize-range': [ '0.1.2' ],
56 silly audit   'object-assign': [ '4.1.1' ],
56 silly audit   'object-hash': [ '3.0.0' ],
56 silly audit   once: [ '1.4.0' ],
56 silly audit   optionator: [ '0.9.4' ],
56 silly audit   'p-limit': [ '3.1.0' ],
56 silly audit   'p-locate': [ '5.0.0' ],
56 silly audit   'parent-module': [ '1.0.1' ],
56 silly audit   'path-exists': [ '4.0.0' ],
56 silly audit   'path-is-absolute': [ '1.0.1' ],
56 silly audit   'path-key': [ '3.1.1' ],
56 silly audit   'path-parse': [ '1.0.7' ],
56 silly audit   'path-scurry': [ '1.11.1' ],
56 silly audit   'path-type': [ '4.0.0' ],
56 silly audit   picocolors: [ '1.1.0' ],
56 silly audit   picomatch: [ '2.3.1' ],
56 silly audit   pify: [ '2.3.0' ],
56 silly audit   pirates: [ '4.0.6' ],
56 silly audit   postcss: [ '8.4.47' ],
56 silly audit   'postcss-import': [ '15.1.0' ],
56 silly audit   'postcss-js': [ '4.0.1' ],
56 silly audit   'postcss-load-config': [ '4.0.2' ],
56 silly audit   'postcss-nested': [ '6.0.1' ],
56 silly audit   'postcss-selector-parser': [ '6.1.0' ],
56 silly audit   'postcss-value-parser': [ '4.2.0' ],
56 silly audit   'prelude-ls': [ '1.2.1' ],
56 silly audit   punycode: [ '2.3.1' ],
56 silly audit   'queue-microtask': [ '1.2.3' ],
56 silly audit   react: [ '18.3.1' ],
56 silly audit   'react-dom': [ '18.3.1' ],
56 silly audit   'react-refresh': [ '0.14.2' ],
56 silly audit   'react-remove-scroll': [ '2.6.0' ],
56 silly audit   'react-remove-scroll-bar': [ '2.3.6' ],
56 silly audit   'react-router': [ '6.26.2' ],
56 silly audit   'react-router-dom': [ '6.26.2' ],
56 silly audit   'react-style-singleton': [ '2.2.1' ],
56 silly audit   'read-cache': [ '1.0.0' ],
56 silly audit   readdirp: [ '3.6.0' ],
56 silly audit   resolve: [ '1.22.8' ],
56 silly audit   'resolve-from': [ '4.0.0' ],
56 silly audit   reusify: [ '1.0.4' ],
56 silly audit   rimraf: [ '3.0.2' ],
56 silly audit   rollup: [ '4.24.0' ],
56 silly audit   'run-parallel': [ '1.2.0' ],
56 silly audit   scheduler: [ '0.23.2' ],
56 silly audit   'shebang-command': [ '2.0.0' ],
56 silly audit   'shebang-regex': [ '3.0.0' ],
56 silly audit   'signal-exit': [ '4.1.0' ],
56 silly audit   slash: [ '3.0.0' ],
56 silly audit   'source-map-js': [ '1.2.1' ],
56 silly audit   'string-width': [ '5.1.2', '4.2.3' ],
56 silly audit   'strip-json-comments': [ '3.1.1' ],
56 silly audit   sucrase: [ '3.35.0' ],
56 silly audit   'supports-preserve-symlinks-flag': [ '1.0.0' ],
56 silly audit   'tailwind-merge': [ '2.5.3' ],
56 silly audit   tailwindcss: [ '3.4.4' ],
56 silly audit   'tailwindcss-animate': [ '1.0.7' ],
56 silly audit   'text-table': [ '0.2.0' ],
56 silly audit   thenify: [ '3.3.1' ],
56 silly audit   'thenify-all': [ '1.6.0' ],
56 silly audit   'to-fast-properties': [ '2.0.0' ],
56 silly audit   'to-regex-range': [ '5.0.1' ],
56 silly audit   'ts-api-utils': [ '1.3.0' ],
56 silly audit   'ts-interface-checker': [ '0.1.13' ],
56 silly audit   tslib: [ '2.6.3' ],
56 silly audit   'type-check': [ '0.4.0' ],
56 silly audit   'type-fest': [ '0.20.2' ],
56 silly audit   typescript: [ '5.4.5' ],
56 silly audit   'undici-types': [ '5.26.5' ],
56 silly audit   'update-browserslist-db': [ '1.0.16' ],
56 silly audit   'uri-js': [ '4.4.1' ],
56 silly audit   'use-callback-ref': [ '1.3.2' ],
56 silly audit   'use-sidecar': [ '1.1.2' ],
56 silly audit   'util-deprecate': [ '1.0.2' ],
56 silly audit   which: [ '2.0.2' ],
56 silly audit   'word-wrap': [ '1.2.5' ],
56 silly audit   'wrap-ansi': [ '8.1.0', '7.0.0' ],
56 silly audit   wrappy: [ '1.0.2' ],
56 silly audit   yallist: [ '3.1.1' ],
56 silly audit   yaml: [ '2.4.3' ],
56 silly audit   'yocto-queue': [ '0.1.0' ],
56 silly audit   vite: [ '5.4.9' ]
56 silly audit }
57 verbose reify failed optional dependency /home/fullstack-user/frontend/node_modules/fsevents
58 silly reify mark deleted [ '/home/fullstack-user/frontend/node_modules/fsevents' ]
59 verbose reify failed optional dependency /home/fullstack-user/frontend/node_modules/@rollup/rollup-win32-x64-msvc
60 silly reify mark deleted [
60 silly reify   '/home/fullstack-user/frontend/node_modules/@rollup/rollup-win32-x64-msvc'
60 silly reify ]
61 verbose reify failed optional dependency /home/fullstack-user/frontend/node_modules/@rollup/rollup-win32-ia32-msvc
62 silly reify mark deleted [
62 silly reify   '/home/fullstack-user/frontend/node_modules/@rollup/rollup-win32-ia32-msvc'
62 silly reify ]
63 verbose reify failed optional dependency /home/fullstack-user/frontend/node_modules/@rollup/rollup-win32-arm64-msvc
64 silly reify mark deleted [
64 silly reify   '/home/fullstack-user/frontend/node_modules/@rollup/rollup-win32-arm64-msvc'
64 silly reify ]
65 verbose reify failed optional dependency /home/fullstack-user/frontend/node_modules/@rollup/rollup-linux-x64-musl
66 silly reify mark deleted [
66 silly reify   '/home/fullstack-user/frontend/node_modules/@rollup/rollup-linux-x64-musl'
66 silly reify ]
67 verbose reify failed optional dependency /home/fullstack-user/frontend/node_modules/@rollup/rollup-linux-x64-gnu
68 silly reify mark deleted [
68 silly reify   '/home/fullstack-user/frontend/node_modules/@rollup/rollup-linux-x64-gnu'
68 silly reify ]
69 verbose reify failed optional dependency /home/fullstack-user/frontend/node_modules/@rollup/rollup-linux-s390x-gnu
70 silly reify mark deleted [
70 silly reify   '/home/fullstack-user/frontend/node_modules/@rollup/rollup-linux-s390x-gnu'
70 silly reify ]
71 verbose reify failed optional dependency /home/fullstack-user/frontend/node_modules/@rollup/rollup-linux-riscv64-gnu
72 silly reify mark deleted [
72 silly reify   '/home/fullstack-user/frontend/node_modules/@rollup/rollup-linux-riscv64-gnu'
72 silly reify ]
73 verbose reify failed optional dependency /home/fullstack-user/frontend/node_modules/@rollup/rollup-linux-powerpc64le-gnu
74 silly reify mark deleted [
74 silly reify   '/home/fullstack-user/frontend/node_modules/@rollup/rollup-linux-powerpc64le-gnu'
74 silly reify ]
75 verbose reify failed optional dependency /home/fullstack-user/frontend/node_modules/@rollup/rollup-linux-arm-musleabihf
76 silly reify mark deleted [
76 silly reify   '/home/fullstack-user/frontend/node_modules/@rollup/rollup-linux-arm-musleabihf'
76 silly reify ]
77 verbose reify failed optional dependency /home/fullstack-user/frontend/node_modules/@rollup/rollup-linux-arm-gnueabihf
78 silly reify mark deleted [
78 silly reify   '/home/fullstack-user/frontend/node_modules/@rollup/rollup-linux-arm-gnueabihf'
78 silly reify ]
79 verbose reify failed optional dependency /home/fullstack-user/frontend/node_modules/@rollup/rollup-darwin-x64
80 silly reify mark deleted [
80 silly reify   '/home/fullstack-user/frontend/node_modules/@rollup/rollup-darwin-x64'
80 silly reify ]
81 verbose reify failed optional dependency /home/fullstack-user/frontend/node_modules/@rollup/rollup-darwin-arm64
82 silly reify mark deleted [
82 silly reify   '/home/fullstack-user/frontend/node_modules/@rollup/rollup-darwin-arm64'
82 silly reify ]
83 verbose reify failed optional dependency /home/fullstack-user/frontend/node_modules/@rollup/rollup-android-arm64
84 silly reify mark deleted [
84 silly reify   '/home/fullstack-user/frontend/node_modules/@rollup/rollup-android-arm64'
84 silly reify ]
85 verbose reify failed optional dependency /home/fullstack-user/frontend/node_modules/@rollup/rollup-android-arm-eabi
86 silly reify mark deleted [
86 silly reify   '/home/fullstack-user/frontend/node_modules/@rollup/rollup-android-arm-eabi'
86 silly reify ]
87 verbose reify failed optional dependency /home/fullstack-user/frontend/node_modules/@esbuild/win32-x64
88 silly reify mark deleted [ '/home/fullstack-user/frontend/node_modules/@esbuild/win32-x64' ]
89 verbose reify failed optional dependency /home/fullstack-user/frontend/node_modules/@esbuild/win32-ia32
90 silly reify mark deleted [ '/home/fullstack-user/frontend/node_modules/@esbuild/win32-ia32' ]
91 verbose reify failed optional dependency /home/fullstack-user/frontend/node_modules/@esbuild/win32-arm64
92 silly reify mark deleted [ '/home/fullstack-user/frontend/node_modules/@esbuild/win32-arm64' ]
93 verbose reify failed optional dependency /home/fullstack-user/frontend/node_modules/@esbuild/sunos-x64
94 silly reify mark deleted [ '/home/fullstack-user/frontend/node_modules/@esbuild/sunos-x64' ]
95 verbose reify failed optional dependency /home/fullstack-user/frontend/node_modules/@esbuild/openbsd-x64
96 silly reify mark deleted [ '/home/fullstack-user/frontend/node_modules/@esbuild/openbsd-x64' ]
97 verbose reify failed optional dependency /home/fullstack-user/frontend/node_modules/@esbuild/netbsd-x64
98 silly reify mark deleted [ '/home/fullstack-user/frontend/node_modules/@esbuild/netbsd-x64' ]
99 verbose reify failed optional dependency /home/fullstack-user/frontend/node_modules/@esbuild/linux-x64
100 silly reify mark deleted [ '/home/fullstack-user/frontend/node_modules/@esbuild/linux-x64' ]
101 verbose reify failed optional dependency /home/fullstack-user/frontend/node_modules/@esbuild/linux-s390x
102 silly reify mark deleted [ '/home/fullstack-user/frontend/node_modules/@esbuild/linux-s390x' ]
103 verbose reify failed optional dependency /home/fullstack-user/frontend/node_modules/@esbuild/linux-riscv64
104 silly reify mark deleted [ '/home/fullstack-user/frontend/node_modules/@esbuild/linux-riscv64' ]
105 verbose reify failed optional dependency /home/fullstack-user/frontend/node_modules/@esbuild/linux-ppc64
106 silly reify mark deleted [ '/home/fullstack-user/frontend/node_modules/@esbuild/linux-ppc64' ]
107 verbose reify failed optional dependency /home/fullstack-user/frontend/node_modules/@esbuild/linux-mips64el
108 silly reify mark deleted [
108 silly reify   '/home/fullstack-user/frontend/node_modules/@esbuild/linux-mips64el'
108 silly reify ]
109 verbose reify failed optional dependency /home/fullstack-user/frontend/node_modules/@esbuild/linux-loong64
110 silly reify mark deleted [ '/home/fullstack-user/frontend/node_modules/@esbuild/linux-loong64' ]
111 verbose reify failed optional dependency /home/fullstack-user/frontend/node_modules/@esbuild/linux-ia32
112 silly reify mark deleted [ '/home/fullstack-user/frontend/node_modules/@esbuild/linux-ia32' ]
113 verbose reify failed optional dependency /home/fullstack-user/frontend/node_modules/@esbuild/linux-arm
114 silly reify mark deleted [ '/home/fullstack-user/frontend/node_modules/@esbuild/linux-arm' ]
115 verbose reify failed optional dependency /home/fullstack-user/frontend/node_modules/@esbuild/freebsd-x64
116 silly reify mark deleted [ '/home/fullstack-user/frontend/node_modules/@esbuild/freebsd-x64' ]
117 verbose reify failed optional dependency /home/fullstack-user/frontend/node_modules/@esbuild/freebsd-arm64
118 silly reify mark deleted [ '/home/fullstack-user/frontend/node_modules/@esbuild/freebsd-arm64' ]
119 verbose reify failed optional dependency /home/fullstack-user/frontend/node_modules/@esbuild/darwin-x64
120 silly reify mark deleted [ '/home/fullstack-user/frontend/node_modules/@esbuild/darwin-x64' ]
121 verbose reify failed optional dependency /home/fullstack-user/frontend/node_modules/@esbuild/darwin-arm64
122 silly reify mark deleted [ '/home/fullstack-user/frontend/node_modules/@esbuild/darwin-arm64' ]
123 verbose reify failed optional dependency /home/fullstack-user/frontend/node_modules/@esbuild/android-x64
124 silly reify mark deleted [ '/home/fullstack-user/frontend/node_modules/@esbuild/android-x64' ]
125 verbose reify failed optional dependency /home/fullstack-user/frontend/node_modules/@esbuild/android-arm64
126 silly reify mark deleted [ '/home/fullstack-user/frontend/node_modules/@esbuild/android-arm64' ]
127 verbose reify failed optional dependency /home/fullstack-user/frontend/node_modules/@esbuild/android-arm
128 silly reify mark deleted [ '/home/fullstack-user/frontend/node_modules/@esbuild/android-arm' ]
129 verbose reify failed optional dependency /home/fullstack-user/frontend/node_modules/@esbuild/aix-ppc64
130 silly reify mark deleted [ '/home/fullstack-user/frontend/node_modules/@esbuild/aix-ppc64' ]
131 http fetch POST 200 https://registry.npmjs.org/-/npm/v1/security/advisories/bulk 118ms
132 silly audit report {}
133 silly ADD
134 silly ADD
135 silly ADD
136 silly ADD
137 silly ADD
138 silly ADD
139 silly ADD
140 silly ADD
141 silly ADD
142 silly ADD
143 silly ADD
144 silly ADD
145 silly ADD
146 silly ADD
147 silly ADD
148 silly ADD
149 silly ADD
150 silly ADD
151 silly ADD
152 silly ADD
153 silly ADD
154 silly ADD
155 silly ADD
156 silly ADD
157 silly ADD
158 silly ADD
159 silly ADD
160 silly ADD
161 silly ADD
162 silly ADD
163 silly ADD
164 silly ADD
165 silly ADD
166 silly ADD
167 silly ADD
168 silly ADD
169 silly ADD
170 verbose cwd /home/fullstack-user/frontend
171 verbose os Linux 6.6.12-linuxkit
172 verbose node v22.9.0
173 verbose npm  v10.8.3
174 verbose exit 0
175 info ok
