2024-10-20 18:39:32.890 [info] [main] Log level: Info
2024-10-20 18:39:32.890 [info] [main] Validating found git in: "git"
2024-10-20 18:39:32.890 [info] [main] Using git "2.34.1" from "git"
2024-10-20 18:39:32.890 [info] [Model][doInitialScan] Initial repository scan started
2024-10-20 18:39:32.890 [info] > git rev-parse --show-toplevel [1ms]
2024-10-20 18:39:32.890 [info] fatal: not a git repository (or any parent up to mount point /home)
Stopping at filesystem boundary (GIT_DISCOVERY_ACROSS_FILESYSTEM not set).
2024-10-20 18:39:32.892 [info] > git rev-parse --show-toplevel [1ms]
2024-10-20 18:39:32.892 [info] fatal: not a git repository (or any parent up to mount point /home)
Stopping at filesystem boundary (GIT_DISCOVERY_ACROSS_FILESYSTEM not set).
2024-10-20 18:39:32.894 [info] > git rev-parse --show-toplevel [1ms]
2024-10-20 18:39:32.894 [info] fatal: not a git repository (or any parent up to mount point /home)
Stopping at filesystem boundary (GIT_DISCOVERY_ACROSS_FILESYSTEM not set).
2024-10-20 18:39:32.896 [info] > git rev-parse --show-toplevel [1ms]
2024-10-20 18:39:32.896 [info] fatal: not a git repository (or any parent up to mount point /home)
Stopping at filesystem boundary (GIT_DISCOVERY_ACROSS_FILESYSTEM not set).
2024-10-20 18:39:32.898 [info] > git rev-parse --show-toplevel [0ms]
2024-10-20 18:39:32.898 [info] fatal: not a git repository (or any parent up to mount point /home)
Stopping at filesystem boundary (GIT_DISCOVERY_ACROSS_FILESYSTEM not set).
2024-10-20 18:39:32.900 [info] > git rev-parse --show-toplevel [1ms]
2024-10-20 18:39:32.900 [info] fatal: not a git repository (or any parent up to mount point /home)
Stopping at filesystem boundary (GIT_DISCOVERY_ACROSS_FILESYSTEM not set).
2024-10-20 18:39:32.901 [info] > git rev-parse --show-toplevel [0ms]
2024-10-20 18:39:32.902 [info] fatal: not a git repository (or any parent up to mount point /home)
Stopping at filesystem boundary (GIT_DISCOVERY_ACROSS_FILESYSTEM not set).
2024-10-20 18:39:32.904 [info] > git rev-parse --show-toplevel [0ms]
2024-10-20 18:39:32.904 [info] fatal: not a git repository (or any parent up to mount point /home)
Stopping at filesystem boundary (GIT_DISCOVERY_ACROSS_FILESYSTEM not set).
2024-10-20 18:39:32.905 [info] > git rev-parse --show-toplevel [0ms]
2024-10-20 18:39:32.905 [info] fatal: not a git repository (or any parent up to mount point /home)
Stopping at filesystem boundary (GIT_DISCOVERY_ACROSS_FILESYSTEM not set).
2024-10-20 18:39:32.908 [info] [Model][doInitialScan] Initial repository scan completed - repositories (0), closed repositories (0), parent repositories (0), unsafe repositories (0)
